I 0x400000 (line # 0x8100094)
I 0x400250 (line # 0x3c011001)
I 0x400254 (line # 0x3424002c)
I 0x400258 (line # 0x24020004)
I 0x40025c (line # 0xc)
I 0x400260 (line # 0xc100080)
I 0x400200 (line # 0x4021)
I 0x400204 (line # 0x3c011001)
I 0x400208 (line # 0x8c290000)
R 0x400208 line(# 0xa)
I 0x40020c (line # 0x3c011001)
I 0x400210 (line # 0x342b0004)
I 0x400214 (line # 0x86080)
I 0x400218 (line # 0x18b6020)
I 0x40021c (line # 0x8d840000)
R 0x40021c line(# 0x2)
I 0x400220 (line # 0x24020001)
I 0x400224 (line # 0xc)
I 0x400228 (line # 0x24040020)
I 0x40022c (line # 0x2402000b)
I 0x400230 (line # 0xc)
I 0x400234 (line # 0x21080001)
I 0x400238 (line # 0x11090003)
I 0x40023c (line # 0x0)
I 0x400240 (line # 0x8100085)
I 0x400214 (line # 0x86080)
I 0x400218 (line # 0x18b6020)
I 0x40021c (line # 0x8d840000)
R 0x40021c line(# 0x1)
I 0x400220 (line # 0x24020001)
I 0x400224 (line # 0xc)
I 0x400228 (line # 0x24040020)
I 0x40022c (line # 0x2402000b)
I 0x400230 (line # 0xc)
I 0x400234 (line # 0x21080001)
I 0x400238 (line # 0x11090003)
I 0x40023c (line # 0x0)
I 0x400240 (line # 0x8100085)
I 0x400214 (line # 0x86080)
I 0x400218 (line # 0x18b6020)
I 0x40021c (line # 0x8d840000)
R 0x40021c line(# 0x5)
I 0x400220 (line # 0x24020001)
I 0x400224 (line # 0xc)
I 0x400228 (line # 0x24040020)
I 0x40022c (line # 0x2402000b)
I 0x400230 (line # 0xc)
I 0x400234 (line # 0x21080001)
I 0x400238 (line # 0x11090003)
I 0x40023c (line # 0x0)
I 0x400240 (line # 0x8100085)
I 0x400214 (line # 0x86080)
I 0x400218 (line # 0x18b6020)
I 0x40021c (line # 0x8d840000)
R 0x40021c line(# 0x9)
I 0x400220 (line # 0x24020001)
I 0x400224 (line # 0xc)
I 0x400228 (line # 0x24040020)
I 0x40022c (line # 0x2402000b)
I 0x400230 (line # 0xc)
I 0x400234 (line # 0x21080001)
I 0x400238 (line # 0x11090003)
I 0x40023c (line # 0x0)
I 0x400240 (line # 0x8100085)
I 0x400214 (line # 0x86080)
I 0x400218 (line # 0x18b6020)
I 0x40021c (line # 0x8d840000)
R 0x40021c line(# 0x7)
I 0x400220 (line # 0x24020001)
I 0x400224 (line # 0xc)
I 0x400228 (line # 0x24040020)
I 0x40022c (line # 0x2402000b)
I 0x400230 (line # 0xc)
I 0x400234 (line # 0x21080001)
I 0x400238 (line # 0x11090003)
I 0x40023c (line # 0x0)
I 0x400240 (line # 0x8100085)
I 0x400214 (line # 0x86080)
I 0x400218 (line # 0x18b6020)
I 0x40021c (line # 0x8d840000)
R 0x40021c line(# 0x8)
I 0x400220 (line # 0x24020001)
I 0x400224 (line # 0xc)
I 0x400228 (line # 0x24040020)
I 0x40022c (line # 0x2402000b)
I 0x400230 (line # 0xc)
I 0x400234 (line # 0x21080001)
I 0x400238 (line # 0x11090003)
I 0x40023c (line # 0x0)
I 0x400240 (line # 0x8100085)
I 0x400214 (line # 0x86080)
I 0x400218 (line # 0x18b6020)
I 0x40021c (line # 0x8d840000)
R 0x40021c line(# 0x4)
I 0x400220 (line # 0x24020001)
I 0x400224 (line # 0xc)
I 0x400228 (line # 0x24040020)
I 0x40022c (line # 0x2402000b)
I 0x400230 (line # 0xc)
I 0x400234 (line # 0x21080001)
I 0x400238 (line # 0x11090003)
I 0x40023c (line # 0x0)
I 0x400240 (line # 0x8100085)
I 0x400214 (line # 0x86080)
I 0x400218 (line # 0x18b6020)
I 0x40021c (line # 0x8d840000)
R 0x40021c line(# 0x0)
I 0x400220 (line # 0x24020001)
I 0x400224 (line # 0xc)
I 0x400228 (line # 0x24040020)
I 0x40022c (line # 0x2402000b)
I 0x400230 (line # 0xc)
I 0x400234 (line # 0x21080001)
I 0x400238 (line # 0x11090003)
I 0x40023c (line # 0x0)
I 0x400240 (line # 0x8100085)
I 0x400214 (line # 0x86080)
I 0x400218 (line # 0x18b6020)
I 0x40021c (line # 0x8d840000)
R 0x40021c line(# 0x3)
I 0x400220 (line # 0x24020001)
I 0x400224 (line # 0xc)
I 0x400228 (line # 0x24040020)
I 0x40022c (line # 0x2402000b)
I 0x400230 (line # 0xc)
I 0x400234 (line # 0x21080001)
I 0x400238 (line # 0x11090003)
I 0x40023c (line # 0x0)
I 0x400240 (line # 0x8100085)
I 0x400214 (line # 0x86080)
I 0x400218 (line # 0x18b6020)
I 0x40021c (line # 0x8d840000)
R 0x40021c line(# 0x6)
I 0x400220 (line # 0x24020001)
I 0x400224 (line # 0xc)
I 0x400228 (line # 0x24040020)
I 0x40022c (line # 0x2402000b)
I 0x400230 (line # 0xc)
I 0x400234 (line # 0x21080001)
I 0x400238 (line # 0x11090003)
I 0x400248 (line # 0x3e00008)
I 0x400268 (line # 0x2404000a)
I 0x40026c (line # 0x2402000b)
I 0x400270 (line # 0xc)
I 0x400274 (line # 0x3c011001)
I 0x400278 (line # 0x34240004)
I 0x40027c (line # 0x24050000)
I 0x400280 (line # 0x3c011001)
I 0x400284 (line # 0x8c260000)
R 0x400284 line(# 0xa)
I 0x400288 (line # 0xc10005a)
I 0x400168 (line # 0x27bdffd8)
I 0x40016c (line # 0xafbf0024)
W 0x40016c line(# 0x400290)
I 0x400170 (line # 0xafbe0020)
W 0x400170 line(# 0x0)
I 0x400174 (line # 0x1df021)
I 0x400178 (line # 0xafc40028)
W 0x400178 line(# 0x10010004)
I 0x40017c (line # 0xafc5002c)
W 0x40017c line(# 0x0)
I 0x400180 (line # 0xafc60030)
W 0x400180 line(# 0xa)
I 0x400184 (line # 0x8fc3002c)
R 0x400184 line(# 0x0)
I 0x400188 (line # 0x8fc20030)
R 0x400188 line(# 0xa)
I 0x40018c (line # 0x62102a)
I 0x400190 (line # 0x10400015)
I 0x400194 (line # 0x0)
I 0x400198 (line # 0x8fc60030)
R 0x400198 line(# 0xa)
I 0x40019c (line # 0x8fc5002c)
R 0x40019c line(# 0x0)
I 0x4001a0 (line # 0x8fc40028)
R 0x4001a0 line(# 0x10010004)
I 0x4001a4 (line # 0xc100002)
I 0x400008 (line # 0x27bdffe0)
I 0x40000c (line # 0xafbe001c)
W 0x40000c line(# 0x7fffefd4)
I 0x400010 (line # 0x1df021)
I 0x400014 (line # 0xafc40020)
W 0x400014 line(# 0x10010004)
I 0x400018 (line # 0xafc50024)
W 0x400018 line(# 0x0)
I 0x40001c (line # 0xafc60028)
W 0x40001c line(# 0xa)
I 0x400020 (line # 0x8fc20028)
R 0x400020 line(# 0xa)
I 0x400024 (line # 0x21080)
I 0x400028 (line # 0x8fc30020)
R 0x400028 line(# 0x10010004)
I 0x40002c (line # 0x621021)
I 0x400030 (line # 0x8c420000)
R 0x400030 line(# 0x6f746556)
I 0x400034 (line # 0xafc20010)
W 0x400034 line(# 0x6f746556)
I 0x400038 (line # 0x8fc20024)
R 0x400038 line(# 0x0)
I 0x40003c (line # 0xafc20008)
W 0x40003c line(# 0x0)
I 0x400040 (line # 0x8fc20024)
R 0x400040 line(# 0x0)
I 0x400044 (line # 0xafc2000c)
W 0x400044 line(# 0x0)
I 0x400048 (line # 0x10000026)
I 0x4000e4 (line # 0x8fc3000c)
R 0x4000e4 line(# 0x0)
I 0x4000e8 (line # 0x8fc20028)
R 0x4000e8 line(# 0xa)
I 0x4000ec (line # 0x62102a)
I 0x4000f0 (line # 0x1440ffd7)
I 0x400050 (line # 0x8fc2000c)
R 0x400050 line(# 0x0)
I 0x400054 (line # 0x21080)
I 0x400058 (line # 0x8fc30020)
R 0x400058 line(# 0x10010004)
I 0x40005c (line # 0x621021)
I 0x400060 (line # 0x8c430000)
R 0x400060 line(# 0x2)
I 0x400064 (line # 0x8fc20010)
R 0x400064 line(# 0x6f746556)
I 0x400068 (line # 0x43102a)
I 0x40006c (line # 0x1440001a)
I 0x400070 (line # 0x0)
I 0x400074 (line # 0x8fc20008)
R 0x400074 line(# 0x0)
I 0x400078 (line # 0x21080)
I 0x40007c (line # 0x8fc30020)
R 0x40007c line(# 0x10010004)
I 0x400080 (line # 0x621021)
I 0x400084 (line # 0x8c420000)
R 0x400084 line(# 0x2)
I 0x400088 (line # 0xafc20014)
W 0x400088 line(# 0x2)
I 0x40008c (line # 0x8fc20008)
R 0x40008c line(# 0x0)
I 0x400090 (line # 0x21080)
I 0x400094 (line # 0x8fc30020)
R 0x400094 line(# 0x10010004)
I 0x400098 (line # 0x621021)
I 0x40009c (line # 0x8fc3000c)
R 0x40009c line(# 0x0)
I 0x4000a0 (line # 0x31880)
I 0x4000a4 (line # 0x8fc40020)
R 0x4000a4 line(# 0x10010004)
I 0x4000a8 (line # 0x831821)
I 0x4000ac (line # 0x8c630000)
R 0x4000ac line(# 0x2)
I 0x4000b0 (line # 0xac430000)
W 0x4000b0 line(# 0x2)
I 0x4000b4 (line # 0x8fc2000c)
R 0x4000b4 line(# 0x0)
I 0x4000b8 (line # 0x21080)
I 0x4000bc (line # 0x8fc30020)
R 0x4000bc line(# 0x10010004)
I 0x4000c0 (line # 0x621021)
I 0x4000c4 (line # 0x8fc30014)
R 0x4000c4 line(# 0x2)
I 0x4000c8 (line # 0xac430000)
W 0x4000c8 line(# 0x2)
I 0x4000cc (line # 0x8fc20008)
R 0x4000cc line(# 0x0)
I 0x4000d0 (line # 0x24420001)
I 0x4000d4 (line # 0xafc20008)
W 0x4000d4 line(# 0x1)
I 0x4000d8 (line # 0x8fc2000c)
R 0x4000d8 line(# 0x0)
I 0x4000dc (line # 0x24420001)
I 0x4000e0 (line # 0xafc2000c)
W 0x4000e0 line(# 0x1)
I 0x4000e4 (line # 0x8fc3000c)
R 0x4000e4 line(# 0x1)
I 0x4000e8 (line # 0x8fc20028)
R 0x4000e8 line(# 0xa)
I 0x4000ec (line # 0x62102a)
I 0x4000f0 (line # 0x1440ffd7)
I 0x400050 (line # 0x8fc2000c)
R 0x400050 line(# 0x1)
I 0x400054 (line # 0x21080)
I 0x400058 (line # 0x8fc30020)
R 0x400058 line(# 0x10010004)
I 0x40005c (line # 0x621021)
I 0x400060 (line # 0x8c430000)
R 0x400060 line(# 0x1)
I 0x400064 (line # 0x8fc20010)
R 0x400064 line(# 0x6f746556)
I 0x400068 (line # 0x43102a)
I 0x40006c (line # 0x1440001a)
I 0x400070 (line # 0x0)
I 0x400074 (line # 0x8fc20008)
R 0x400074 line(# 0x1)
I 0x400078 (line # 0x21080)
I 0x40007c (line # 0x8fc30020)
R 0x40007c line(# 0x10010004)
I 0x400080 (line # 0x621021)
I 0x400084 (line # 0x8c420000)
R 0x400084 line(# 0x1)
I 0x400088 (line # 0xafc20014)
W 0x400088 line(# 0x1)
I 0x40008c (line # 0x8fc20008)
R 0x40008c line(# 0x1)
I 0x400090 (line # 0x21080)
I 0x400094 (line # 0x8fc30020)
R 0x400094 line(# 0x10010004)
I 0x400098 (line # 0x621021)
I 0x40009c (line # 0x8fc3000c)
R 0x40009c line(# 0x1)
I 0x4000a0 (line # 0x31880)
I 0x4000a4 (line # 0x8fc40020)
R 0x4000a4 line(# 0x10010004)
I 0x4000a8 (line # 0x831821)
I 0x4000ac (line # 0x8c630000)
R 0x4000ac line(# 0x1)
I 0x4000b0 (line # 0xac430000)
W 0x4000b0 line(# 0x1)
I 0x4000b4 (line # 0x8fc2000c)
R 0x4000b4 line(# 0x1)
I 0x4000b8 (line # 0x21080)
I 0x4000bc (line # 0x8fc30020)
R 0x4000bc line(# 0x10010004)
I 0x4000c0 (line # 0x621021)
I 0x4000c4 (line # 0x8fc30014)
R 0x4000c4 line(# 0x1)
I 0x4000c8 (line # 0xac430000)
W 0x4000c8 line(# 0x1)
I 0x4000cc (line # 0x8fc20008)
R 0x4000cc line(# 0x1)
I 0x4000d0 (line # 0x24420001)
I 0x4000d4 (line # 0xafc20008)
W 0x4000d4 line(# 0x2)
I 0x4000d8 (line # 0x8fc2000c)
R 0x4000d8 line(# 0x1)
I 0x4000dc (line # 0x24420001)
I 0x4000e0 (line # 0xafc2000c)
W 0x4000e0 line(# 0x2)
I 0x4000e4 (line # 0x8fc3000c)
R 0x4000e4 line(# 0x2)
I 0x4000e8 (line # 0x8fc20028)
R 0x4000e8 line(# 0xa)
I 0x4000ec (line # 0x62102a)
I 0x4000f0 (line # 0x1440ffd7)
I 0x400050 (line # 0x8fc2000c)
R 0x400050 line(# 0x2)
I 0x400054 (line # 0x21080)
I 0x400058 (line # 0x8fc30020)
R 0x400058 line(# 0x10010004)
I 0x40005c (line # 0x621021)
I 0x400060 (line # 0x8c430000)
R 0x400060 line(# 0x5)
I 0x400064 (line # 0x8fc20010)
R 0x400064 line(# 0x6f746556)
I 0x400068 (line # 0x43102a)
I 0x40006c (line # 0x1440001a)
I 0x400070 (line # 0x0)
I 0x400074 (line # 0x8fc20008)
R 0x400074 line(# 0x2)
I 0x400078 (line # 0x21080)
I 0x40007c (line # 0x8fc30020)
R 0x40007c line(# 0x10010004)
I 0x400080 (line # 0x621021)
I 0x400084 (line # 0x8c420000)
R 0x400084 line(# 0x5)
I 0x400088 (line # 0xafc20014)
W 0x400088 line(# 0x5)
I 0x40008c (line # 0x8fc20008)
R 0x40008c line(# 0x2)
I 0x400090 (line # 0x21080)
I 0x400094 (line # 0x8fc30020)
R 0x400094 line(# 0x10010004)
I 0x400098 (line # 0x621021)
I 0x40009c (line # 0x8fc3000c)
R 0x40009c line(# 0x2)
I 0x4000a0 (line # 0x31880)
I 0x4000a4 (line # 0x8fc40020)
R 0x4000a4 line(# 0x10010004)
I 0x4000a8 (line # 0x831821)
I 0x4000ac (line # 0x8c630000)
R 0x4000ac line(# 0x5)
I 0x4000b0 (line # 0xac430000)
W 0x4000b0 line(# 0x5)
I 0x4000b4 (line # 0x8fc2000c)
R 0x4000b4 line(# 0x2)
I 0x4000b8 (line # 0x21080)
I 0x4000bc (line # 0x8fc30020)
R 0x4000bc line(# 0x10010004)
I 0x4000c0 (line # 0x621021)
I 0x4000c4 (line # 0x8fc30014)
R 0x4000c4 line(# 0x5)
I 0x4000c8 (line # 0xac430000)
W 0x4000c8 line(# 0x5)
I 0x4000cc (line # 0x8fc20008)
R 0x4000cc line(# 0x2)
I 0x4000d0 (line # 0x24420001)
I 0x4000d4 (line # 0xafc20008)
W 0x4000d4 line(# 0x3)
I 0x4000d8 (line # 0x8fc2000c)
R 0x4000d8 line(# 0x2)
I 0x4000dc (line # 0x24420001)
I 0x4000e0 (line # 0xafc2000c)
W 0x4000e0 line(# 0x3)
I 0x4000e4 (line # 0x8fc3000c)
R 0x4000e4 line(# 0x3)
I 0x4000e8 (line # 0x8fc20028)
R 0x4000e8 line(# 0xa)
I 0x4000ec (line # 0x62102a)
I 0x4000f0 (line # 0x1440ffd7)
I 0x400050 (line # 0x8fc2000c)
R 0x400050 line(# 0x3)
I 0x400054 (line # 0x21080)
I 0x400058 (line # 0x8fc30020)
R 0x400058 line(# 0x10010004)
I 0x40005c (line # 0x621021)
I 0x400060 (line # 0x8c430000)
R 0x400060 line(# 0x9)
I 0x400064 (line # 0x8fc20010)
R 0x400064 line(# 0x6f746556)
I 0x400068 (line # 0x43102a)
I 0x40006c (line # 0x1440001a)
I 0x400070 (line # 0x0)
I 0x400074 (line # 0x8fc20008)
R 0x400074 line(# 0x3)
I 0x400078 (line # 0x21080)
I 0x40007c (line # 0x8fc30020)
R 0x40007c line(# 0x10010004)
I 0x400080 (line # 0x621021)
I 0x400084 (line # 0x8c420000)
R 0x400084 line(# 0x9)
I 0x400088 (line # 0xafc20014)
W 0x400088 line(# 0x9)
I 0x40008c (line # 0x8fc20008)
R 0x40008c line(# 0x3)
I 0x400090 (line # 0x21080)
I 0x400094 (line # 0x8fc30020)
R 0x400094 line(# 0x10010004)
I 0x400098 (line # 0x621021)
I 0x40009c (line # 0x8fc3000c)
R 0x40009c line(# 0x3)
I 0x4000a0 (line # 0x31880)
I 0x4000a4 (line # 0x8fc40020)
R 0x4000a4 line(# 0x10010004)
I 0x4000a8 (line # 0x831821)
I 0x4000ac (line # 0x8c630000)
R 0x4000ac line(# 0x9)
I 0x4000b0 (line # 0xac430000)
W 0x4000b0 line(# 0x9)
I 0x4000b4 (line # 0x8fc2000c)
R 0x4000b4 line(# 0x3)
I 0x4000b8 (line # 0x21080)
I 0x4000bc (line # 0x8fc30020)
R 0x4000bc line(# 0x10010004)
I 0x4000c0 (line # 0x621021)
I 0x4000c4 (line # 0x8fc30014)
R 0x4000c4 line(# 0x9)
I 0x4000c8 (line # 0xac430000)
W 0x4000c8 line(# 0x9)
I 0x4000cc (line # 0x8fc20008)
R 0x4000cc line(# 0x3)
I 0x4000d0 (line # 0x24420001)
I 0x4000d4 (line # 0xafc20008)
W 0x4000d4 line(# 0x4)
I 0x4000d8 (line # 0x8fc2000c)
R 0x4000d8 line(# 0x3)
I 0x4000dc (line # 0x24420001)
I 0x4000e0 (line # 0xafc2000c)
W 0x4000e0 line(# 0x4)
I 0x4000e4 (line # 0x8fc3000c)
R 0x4000e4 line(# 0x4)
I 0x4000e8 (line # 0x8fc20028)
R 0x4000e8 line(# 0xa)
I 0x4000ec (line # 0x62102a)
I 0x4000f0 (line # 0x1440ffd7)
I 0x400050 (line # 0x8fc2000c)
R 0x400050 line(# 0x4)
I 0x400054 (line # 0x21080)
I 0x400058 (line # 0x8fc30020)
R 0x400058 line(# 0x10010004)
I 0x40005c (line # 0x621021)
I 0x400060 (line # 0x8c430000)
R 0x400060 line(# 0x7)
I 0x400064 (line # 0x8fc20010)
R 0x400064 line(# 0x6f746556)
I 0x400068 (line # 0x43102a)
I 0x40006c (line # 0x1440001a)
I 0x400070 (line # 0x0)
I 0x400074 (line # 0x8fc20008)
R 0x400074 line(# 0x4)
I 0x400078 (line # 0x21080)
I 0x40007c (line # 0x8fc30020)
R 0x40007c line(# 0x10010004)
I 0x400080 (line # 0x621021)
I 0x400084 (line # 0x8c420000)
R 0x400084 line(# 0x7)
I 0x400088 (line # 0xafc20014)
W 0x400088 line(# 0x7)
I 0x40008c (line # 0x8fc20008)
R 0x40008c line(# 0x4)
I 0x400090 (line # 0x21080)
I 0x400094 (line # 0x8fc30020)
R 0x400094 line(# 0x10010004)
I 0x400098 (line # 0x621021)
I 0x40009c (line # 0x8fc3000c)
R 0x40009c line(# 0x4)
I 0x4000a0 (line # 0x31880)
I 0x4000a4 (line # 0x8fc40020)
R 0x4000a4 line(# 0x10010004)
I 0x4000a8 (line # 0x831821)
I 0x4000ac (line # 0x8c630000)
R 0x4000ac line(# 0x7)
I 0x4000b0 (line # 0xac430000)
W 0x4000b0 line(# 0x7)
I 0x4000b4 (line # 0x8fc2000c)
R 0x4000b4 line(# 0x4)
I 0x4000b8 (line # 0x21080)
I 0x4000bc (line # 0x8fc30020)
R 0x4000bc line(# 0x10010004)
I 0x4000c0 (line # 0x621021)
I 0x4000c4 (line # 0x8fc30014)
R 0x4000c4 line(# 0x7)
I 0x4000c8 (line # 0xac430000)
W 0x4000c8 line(# 0x7)
I 0x4000cc (line # 0x8fc20008)
R 0x4000cc line(# 0x4)
I 0x4000d0 (line # 0x24420001)
I 0x4000d4 (line # 0xafc20008)
W 0x4000d4 line(# 0x5)
I 0x4000d8 (line # 0x8fc2000c)
R 0x4000d8 line(# 0x4)
I 0x4000dc (line # 0x24420001)
I 0x4000e0 (line # 0xafc2000c)
W 0x4000e0 line(# 0x5)
I 0x4000e4 (line # 0x8fc3000c)
R 0x4000e4 line(# 0x5)
I 0x4000e8 (line # 0x8fc20028)
R 0x4000e8 line(# 0xa)
I 0x4000ec (line # 0x62102a)
I 0x4000f0 (line # 0x1440ffd7)
I 0x400050 (line # 0x8fc2000c)
R 0x400050 line(# 0x5)
I 0x400054 (line # 0x21080)
I 0x400058 (line # 0x8fc30020)
R 0x400058 line(# 0x10010004)
I 0x40005c (line # 0x621021)
I 0x400060 (line # 0x8c430000)
R 0x400060 line(# 0x8)
I 0x400064 (line # 0x8fc20010)
R 0x400064 line(# 0x6f746556)
I 0x400068 (line # 0x43102a)
I 0x40006c (line # 0x1440001a)
I 0x400070 (line # 0x0)
I 0x400074 (line # 0x8fc20008)
R 0x400074 line(# 0x5)
I 0x400078 (line # 0x21080)
I 0x40007c (line # 0x8fc30020)
R 0x40007c line(# 0x10010004)
I 0x400080 (line # 0x621021)
I 0x400084 (line # 0x8c420000)
R 0x400084 line(# 0x8)
I 0x400088 (line # 0xafc20014)
W 0x400088 line(# 0x8)
I 0x40008c (line # 0x8fc20008)
R 0x40008c line(# 0x5)
I 0x400090 (line # 0x21080)
I 0x400094 (line # 0x8fc30020)
R 0x400094 line(# 0x10010004)
I 0x400098 (line # 0x621021)
I 0x40009c (line # 0x8fc3000c)
R 0x40009c line(# 0x5)
I 0x4000a0 (line # 0x31880)
I 0x4000a4 (line # 0x8fc40020)
R 0x4000a4 line(# 0x10010004)
I 0x4000a8 (line # 0x831821)
I 0x4000ac (line # 0x8c630000)
R 0x4000ac line(# 0x8)
I 0x4000b0 (line # 0xac430000)
W 0x4000b0 line(# 0x8)
I 0x4000b4 (line # 0x8fc2000c)
R 0x4000b4 line(# 0x5)
I 0x4000b8 (line # 0x21080)
I 0x4000bc (line # 0x8fc30020)
R 0x4000bc line(# 0x10010004)
I 0x4000c0 (line # 0x621021)
I 0x4000c4 (line # 0x8fc30014)
R 0x4000c4 line(# 0x8)
I 0x4000c8 (line # 0xac430000)
W 0x4000c8 line(# 0x8)
I 0x4000cc (line # 0x8fc20008)
R 0x4000cc line(# 0x5)
I 0x4000d0 (line # 0x24420001)
I 0x4000d4 (line # 0xafc20008)
W 0x4000d4 line(# 0x6)
I 0x4000d8 (line # 0x8fc2000c)
R 0x4000d8 line(# 0x5)
I 0x4000dc (line # 0x24420001)
I 0x4000e0 (line # 0xafc2000c)
W 0x4000e0 line(# 0x6)
I 0x4000e4 (line # 0x8fc3000c)
R 0x4000e4 line(# 0x6)
I 0x4000e8 (line # 0x8fc20028)
R 0x4000e8 line(# 0xa)
I 0x4000ec (line # 0x62102a)
I 0x4000f0 (line # 0x1440ffd7)
I 0x400050 (line # 0x8fc2000c)
R 0x400050 line(# 0x6)
I 0x400054 (line # 0x21080)
I 0x400058 (line # 0x8fc30020)
R 0x400058 line(# 0x10010004)
I 0x40005c (line # 0x621021)
I 0x400060 (line # 0x8c430000)
R 0x400060 line(# 0x4)
I 0x400064 (line # 0x8fc20010)
R 0x400064 line(# 0x6f746556)
I 0x400068 (line # 0x43102a)
I 0x40006c (line # 0x1440001a)
I 0x400070 (line # 0x0)
I 0x400074 (line # 0x8fc20008)
R 0x400074 line(# 0x6)
I 0x400078 (line # 0x21080)
I 0x40007c (line # 0x8fc30020)
R 0x40007c line(# 0x10010004)
I 0x400080 (line # 0x621021)
I 0x400084 (line # 0x8c420000)
R 0x400084 line(# 0x4)
I 0x400088 (line # 0xafc20014)
W 0x400088 line(# 0x4)
I 0x40008c (line # 0x8fc20008)
R 0x40008c line(# 0x6)
I 0x400090 (line # 0x21080)
I 0x400094 (line # 0x8fc30020)
R 0x400094 line(# 0x10010004)
I 0x400098 (line # 0x621021)
I 0x40009c (line # 0x8fc3000c)
R 0x40009c line(# 0x6)
I 0x4000a0 (line # 0x31880)
I 0x4000a4 (line # 0x8fc40020)
R 0x4000a4 line(# 0x10010004)
I 0x4000a8 (line # 0x831821)
I 0x4000ac (line # 0x8c630000)
R 0x4000ac line(# 0x4)
I 0x4000b0 (line # 0xac430000)
W 0x4000b0 line(# 0x4)
I 0x4000b4 (line # 0x8fc2000c)
R 0x4000b4 line(# 0x6)
I 0x4000b8 (line # 0x21080)
I 0x4000bc (line # 0x8fc30020)
R 0x4000bc line(# 0x10010004)
I 0x4000c0 (line # 0x621021)
I 0x4000c4 (line # 0x8fc30014)
R 0x4000c4 line(# 0x4)
I 0x4000c8 (line # 0xac430000)
W 0x4000c8 line(# 0x4)
I 0x4000cc (line # 0x8fc20008)
R 0x4000cc line(# 0x6)
I 0x4000d0 (line # 0x24420001)
I 0x4000d4 (line # 0xafc20008)
W 0x4000d4 line(# 0x7)
I 0x4000d8 (line # 0x8fc2000c)
R 0x4000d8 line(# 0x6)
I 0x4000dc (line # 0x24420001)
I 0x4000e0 (line # 0xafc2000c)
W 0x4000e0 line(# 0x7)
I 0x4000e4 (line # 0x8fc3000c)
R 0x4000e4 line(# 0x7)
I 0x4000e8 (line # 0x8fc20028)
R 0x4000e8 line(# 0xa)
I 0x4000ec (line # 0x62102a)
I 0x4000f0 (line # 0x1440ffd7)
I 0x400050 (line # 0x8fc2000c)
R 0x400050 line(# 0x7)
I 0x400054 (line # 0x21080)
I 0x400058 (line # 0x8fc30020)
R 0x400058 line(# 0x10010004)
I 0x40005c (line # 0x621021)
I 0x400060 (line # 0x8c430000)
R 0x400060 line(# 0x0)
I 0x400064 (line # 0x8fc20010)
R 0x400064 line(# 0x6f746556)
I 0x400068 (line # 0x43102a)
I 0x40006c (line # 0x1440001a)
I 0x400070 (line # 0x0)
I 0x400074 (line # 0x8fc20008)
R 0x400074 line(# 0x7)
I 0x400078 (line # 0x21080)
I 0x40007c (line # 0x8fc30020)
R 0x40007c line(# 0x10010004)
I 0x400080 (line # 0x621021)
I 0x400084 (line # 0x8c420000)
R 0x400084 line(# 0x0)
I 0x400088 (line # 0xafc20014)
W 0x400088 line(# 0x0)
I 0x40008c (line # 0x8fc20008)
R 0x40008c line(# 0x7)
I 0x400090 (line # 0x21080)
I 0x400094 (line # 0x8fc30020)
R 0x400094 line(# 0x10010004)
I 0x400098 (line # 0x621021)
I 0x40009c (line # 0x8fc3000c)
R 0x40009c line(# 0x7)
I 0x4000a0 (line # 0x31880)
I 0x4000a4 (line # 0x8fc40020)
R 0x4000a4 line(# 0x10010004)
I 0x4000a8 (line # 0x831821)
I 0x4000ac (line # 0x8c630000)
R 0x4000ac line(# 0x0)
I 0x4000b0 (line # 0xac430000)
W 0x4000b0 line(# 0x0)
I 0x4000b4 (line # 0x8fc2000c)
R 0x4000b4 line(# 0x7)
I 0x4000b8 (line # 0x21080)
I 0x4000bc (line # 0x8fc30020)
R 0x4000bc line(# 0x10010004)
I 0x4000c0 (line # 0x621021)
I 0x4000c4 (line # 0x8fc30014)
R 0x4000c4 line(# 0x0)
I 0x4000c8 (line # 0xac430000)
W 0x4000c8 line(# 0x0)
I 0x4000cc (line # 0x8fc20008)
R 0x4000cc line(# 0x7)
I 0x4000d0 (line # 0x24420001)
I 0x4000d4 (line # 0xafc20008)
W 0x4000d4 line(# 0x8)
I 0x4000d8 (line # 0x8fc2000c)
R 0x4000d8 line(# 0x7)
I 0x4000dc (line # 0x24420001)
I 0x4000e0 (line # 0xafc2000c)
W 0x4000e0 line(# 0x8)
I 0x4000e4 (line # 0x8fc3000c)
R 0x4000e4 line(# 0x8)
I 0x4000e8 (line # 0x8fc20028)
R 0x4000e8 line(# 0xa)
I 0x4000ec (line # 0x62102a)
I 0x4000f0 (line # 0x1440ffd7)
I 0x400050 (line # 0x8fc2000c)
R 0x400050 line(# 0x8)
I 0x400054 (line # 0x21080)
I 0x400058 (line # 0x8fc30020)
R 0x400058 line(# 0x10010004)
I 0x40005c (line # 0x621021)
I 0x400060 (line # 0x8c430000)
R 0x400060 line(# 0x3)
I 0x400064 (line # 0x8fc20010)
R 0x400064 line(# 0x6f746556)
I 0x400068 (line # 0x43102a)
I 0x40006c (line # 0x1440001a)
I 0x400070 (line # 0x0)
I 0x400074 (line # 0x8fc20008)
R 0x400074 line(# 0x8)
I 0x400078 (line # 0x21080)
I 0x40007c (line # 0x8fc30020)
R 0x40007c line(# 0x10010004)
I 0x400080 (line # 0x621021)
I 0x400084 (line # 0x8c420000)
R 0x400084 line(# 0x3)
I 0x400088 (line # 0xafc20014)
W 0x400088 line(# 0x3)
I 0x40008c (line # 0x8fc20008)
R 0x40008c line(# 0x8)
I 0x400090 (line # 0x21080)
I 0x400094 (line # 0x8fc30020)
R 0x400094 line(# 0x10010004)
I 0x400098 (line # 0x621021)
I 0x40009c (line # 0x8fc3000c)
R 0x40009c line(# 0x8)
I 0x4000a0 (line # 0x31880)
I 0x4000a4 (line # 0x8fc40020)
R 0x4000a4 line(# 0x10010004)
I 0x4000a8 (line # 0x831821)
I 0x4000ac (line # 0x8c630000)
R 0x4000ac line(# 0x3)
I 0x4000b0 (line # 0xac430000)
W 0x4000b0 line(# 0x3)
I 0x4000b4 (line # 0x8fc2000c)
R 0x4000b4 line(# 0x8)
I 0x4000b8 (line # 0x21080)
I 0x4000bc (line # 0x8fc30020)
R 0x4000bc line(# 0x10010004)
I 0x4000c0 (line # 0x621021)
I 0x4000c4 (line # 0x8fc30014)
R 0x4000c4 line(# 0x3)
I 0x4000c8 (line # 0xac430000)
W 0x4000c8 line(# 0x3)
I 0x4000cc (line # 0x8fc20008)
R 0x4000cc line(# 0x8)
I 0x4000d0 (line # 0x24420001)
I 0x4000d4 (line # 0xafc20008)
W 0x4000d4 line(# 0x9)
I 0x4000d8 (line # 0x8fc2000c)
R 0x4000d8 line(# 0x8)
I 0x4000dc (line # 0x24420001)
I 0x4000e0 (line # 0xafc2000c)
W 0x4000e0 line(# 0x9)
I 0x4000e4 (line # 0x8fc3000c)
R 0x4000e4 line(# 0x9)
I 0x4000e8 (line # 0x8fc20028)
R 0x4000e8 line(# 0xa)
I 0x4000ec (line # 0x62102a)
I 0x4000f0 (line # 0x1440ffd7)
I 0x400050 (line # 0x8fc2000c)
R 0x400050 line(# 0x9)
I 0x400054 (line # 0x21080)
I 0x400058 (line # 0x8fc30020)
R 0x400058 line(# 0x10010004)
I 0x40005c (line # 0x621021)
I 0x400060 (line # 0x8c430000)
R 0x400060 line(# 0x6)
I 0x400064 (line # 0x8fc20010)
R 0x400064 line(# 0x6f746556)
I 0x400068 (line # 0x43102a)
I 0x40006c (line # 0x1440001a)
I 0x400070 (line # 0x0)
I 0x400074 (line # 0x8fc20008)
R 0x400074 line(# 0x9)
I 0x400078 (line # 0x21080)
I 0x40007c (line # 0x8fc30020)
R 0x40007c line(# 0x10010004)
I 0x400080 (line # 0x621021)
I 0x400084 (line # 0x8c420000)
R 0x400084 line(# 0x6)
I 0x400088 (line # 0xafc20014)
W 0x400088 line(# 0x6)
I 0x40008c (line # 0x8fc20008)
R 0x40008c line(# 0x9)
I 0x400090 (line # 0x21080)
I 0x400094 (line # 0x8fc30020)
R 0x400094 line(# 0x10010004)
I 0x400098 (line # 0x621021)
I 0x40009c (line # 0x8fc3000c)
R 0x40009c line(# 0x9)
I 0x4000a0 (line # 0x31880)
I 0x4000a4 (line # 0x8fc40020)
R 0x4000a4 line(# 0x10010004)
I 0x4000a8 (line # 0x831821)
I 0x4000ac (line # 0x8c630000)
R 0x4000ac line(# 0x6)
I 0x4000b0 (line # 0xac430000)
W 0x4000b0 line(# 0x6)
I 0x4000b4 (line # 0x8fc2000c)
R 0x4000b4 line(# 0x9)
I 0x4000b8 (line # 0x21080)
I 0x4000bc (line # 0x8fc30020)
R 0x4000bc line(# 0x10010004)
I 0x4000c0 (line # 0x621021)
I 0x4000c4 (line # 0x8fc30014)
R 0x4000c4 line(# 0x6)
I 0x4000c8 (line # 0xac430000)
W 0x4000c8 line(# 0x6)
I 0x4000cc (line # 0x8fc20008)
R 0x4000cc line(# 0x9)
I 0x4000d0 (line # 0x24420001)
I 0x4000d4 (line # 0xafc20008)
W 0x4000d4 line(# 0xa)
I 0x4000d8 (line # 0x8fc2000c)
R 0x4000d8 line(# 0x9)
I 0x4000dc (line # 0x24420001)
I 0x4000e0 (line # 0xafc2000c)
W 0x4000e0 line(# 0xa)
I 0x4000e4 (line # 0x8fc3000c)
R 0x4000e4 line(# 0xa)
I 0x4000e8 (line # 0x8fc20028)
R 0x4000e8 line(# 0xa)
I 0x4000ec (line # 0x62102a)
I 0x4000f0 (line # 0x1440ffd7)
I 0x4000f4 (line # 0x0)
I 0x4000f8 (line # 0x8fc20008)
R 0x4000f8 line(# 0xa)
I 0x4000fc (line # 0x21080)
I 0x400100 (line # 0x8fc30020)
R 0x400100 line(# 0x10010004)
I 0x400104 (line # 0x621021)
I 0x400108 (line # 0x8c420000)
R 0x400108 line(# 0x6f746556)
I 0x40010c (line # 0xafc20014)
W 0x40010c line(# 0x6f746556)
I 0x400110 (line # 0x8fc20008)
R 0x400110 line(# 0xa)
I 0x400114 (line # 0x21080)
I 0x400118 (line # 0x8fc30020)
R 0x400118 line(# 0x10010004)
I 0x40011c (line # 0x621021)
I 0x400120 (line # 0x8fc30028)
R 0x400120 line(# 0xa)
I 0x400124 (line # 0x31880)
I 0x400128 (line # 0x8fc40020)
R 0x400128 line(# 0x10010004)
I 0x40012c (line # 0x831821)
I 0x400130 (line # 0x8c630000)
R 0x400130 line(# 0x6f746556)
I 0x400134 (line # 0xac430000)
W 0x400134 line(# 0x6f746556)
I 0x400138 (line # 0x8fc20028)
R 0x400138 line(# 0xa)
I 0x40013c (line # 0x21080)
I 0x400140 (line # 0x8fc30020)
R 0x400140 line(# 0x10010004)
I 0x400144 (line # 0x621021)
I 0x400148 (line # 0x8fc30014)
R 0x400148 line(# 0x6f746556)
I 0x40014c (line # 0xac430000)
W 0x40014c line(# 0x6f746556)
I 0x400150 (line # 0x8fc20008)
R 0x400150 line(# 0xa)
I 0x400154 (line # 0x1ee821)
I 0x400158 (line # 0x8fbe001c)
R 0x400158 line(# 0x7fffefd4)
I 0x40015c (line # 0x27bd0020)
I 0x400160 (line # 0x3e00008)
I 0x4001ac (line # 0xafc20018)
W 0x4001ac line(# 0xa)
I 0x4001b0 (line # 0x8fc20018)
R 0x4001b0 line(# 0xa)
I 0x4001b4 (line # 0x2442ffff)
I 0x4001b8 (line # 0x23021)
I 0x4001bc (line # 0x8fc5002c)
R 0x4001bc line(# 0x0)
I 0x4001c0 (line # 0x8fc40028)
R 0x4001c0 line(# 0x10010004)
I 0x4001c4 (line # 0xc10005a)
I 0x400168 (line # 0x27bdffd8)
I 0x40016c (line # 0xafbf0024)
W 0x40016c line(# 0x4001cc)
I 0x400170 (line # 0xafbe0020)
W 0x400170 line(# 0x7fffefd4)
I 0x400174 (line # 0x1df021)
I 0x400178 (line # 0xafc40028)
W 0x400178 line(# 0x10010004)
I 0x40017c (line # 0xafc5002c)
W 0x40017c line(# 0x0)
I 0x400180 (line # 0xafc60030)
W 0x400180 line(# 0x9)
I 0x400184 (line # 0x8fc3002c)
R 0x400184 line(# 0x0)
I 0x400188 (line # 0x8fc20030)
R 0x400188 line(# 0x9)
I 0x40018c (line # 0x62102a)
I 0x400190 (line # 0x10400015)
I 0x400194 (line # 0x0)
I 0x400198 (line # 0x8fc60030)
R 0x400198 line(# 0x9)
I 0x40019c (line # 0x8fc5002c)
R 0x40019c line(# 0x0)
I 0x4001a0 (line # 0x8fc40028)
R 0x4001a0 line(# 0x10010004)
I 0x4001a4 (line # 0xc100002)
I 0x400008 (line # 0x27bdffe0)
I 0x40000c (line # 0xafbe001c)
W 0x40000c line(# 0x7fffefac)
I 0x400010 (line # 0x1df021)
I 0x400014 (line # 0xafc40020)
W 0x400014 line(# 0x10010004)
I 0x400018 (line # 0xafc50024)
W 0x400018 line(# 0x0)
I 0x40001c (line # 0xafc60028)
W 0x40001c line(# 0x9)
I 0x400020 (line # 0x8fc20028)
R 0x400020 line(# 0x9)
I 0x400024 (line # 0x21080)
I 0x400028 (line # 0x8fc30020)
R 0x400028 line(# 0x10010004)
I 0x40002c (line # 0x621021)
I 0x400030 (line # 0x8c420000)
R 0x400030 line(# 0x6)
I 0x400034 (line # 0xafc20010)
W 0x400034 line(# 0x6)
I 0x400038 (line # 0x8fc20024)
R 0x400038 line(# 0x0)
I 0x40003c (line # 0xafc20008)
W 0x40003c line(# 0x0)
I 0x400040 (line # 0x8fc20024)
R 0x400040 line(# 0x0)
I 0x400044 (line # 0xafc2000c)
W 0x400044 line(# 0x0)
I 0x400048 (line # 0x10000026)
I 0x4000e4 (line # 0x8fc3000c)
R 0x4000e4 line(# 0x0)
I 0x4000e8 (line # 0x8fc20028)
R 0x4000e8 line(# 0x9)
I 0x4000ec (line # 0x62102a)
I 0x4000f0 (line # 0x1440ffd7)
I 0x400050 (line # 0x8fc2000c)
R 0x400050 line(# 0x0)
I 0x400054 (line # 0x21080)
I 0x400058 (line # 0x8fc30020)
R 0x400058 line(# 0x10010004)
I 0x40005c (line # 0x621021)
I 0x400060 (line # 0x8c430000)
R 0x400060 line(# 0x2)
I 0x400064 (line # 0x8fc20010)
R 0x400064 line(# 0x6)
I 0x400068 (line # 0x43102a)
I 0x40006c (line # 0x1440001a)
I 0x400070 (line # 0x0)
I 0x400074 (line # 0x8fc20008)
R 0x400074 line(# 0x0)
I 0x400078 (line # 0x21080)
I 0x40007c (line # 0x8fc30020)
R 0x40007c line(# 0x10010004)
I 0x400080 (line # 0x621021)
I 0x400084 (line # 0x8c420000)
R 0x400084 line(# 0x2)
I 0x400088 (line # 0xafc20014)
W 0x400088 line(# 0x2)
I 0x40008c (line # 0x8fc20008)
R 0x40008c line(# 0x0)
I 0x400090 (line # 0x21080)
I 0x400094 (line # 0x8fc30020)
R 0x400094 line(# 0x10010004)
I 0x400098 (line # 0x621021)
I 0x40009c (line # 0x8fc3000c)
R 0x40009c line(# 0x0)
I 0x4000a0 (line # 0x31880)
I 0x4000a4 (line # 0x8fc40020)
R 0x4000a4 line(# 0x10010004)
I 0x4000a8 (line # 0x831821)
I 0x4000ac (line # 0x8c630000)
R 0x4000ac line(# 0x2)
I 0x4000b0 (line # 0xac430000)
W 0x4000b0 line(# 0x2)
I 0x4000b4 (line # 0x8fc2000c)
R 0x4000b4 line(# 0x0)
I 0x4000b8 (line # 0x21080)
I 0x4000bc (line # 0x8fc30020)
R 0x4000bc line(# 0x10010004)
I 0x4000c0 (line # 0x621021)
I 0x4000c4 (line # 0x8fc30014)
R 0x4000c4 line(# 0x2)
I 0x4000c8 (line # 0xac430000)
W 0x4000c8 line(# 0x2)
I 0x4000cc (line # 0x8fc20008)
R 0x4000cc line(# 0x0)
I 0x4000d0 (line # 0x24420001)
I 0x4000d4 (line # 0xafc20008)
W 0x4000d4 line(# 0x1)
I 0x4000d8 (line # 0x8fc2000c)
R 0x4000d8 line(# 0x0)
I 0x4000dc (line # 0x24420001)
I 0x4000e0 (line # 0xafc2000c)
W 0x4000e0 line(# 0x1)
I 0x4000e4 (line # 0x8fc3000c)
R 0x4000e4 line(# 0x1)
I 0x4000e8 (line # 0x8fc20028)
R 0x4000e8 line(# 0x9)
I 0x4000ec (line # 0x62102a)
I 0x4000f0 (line # 0x1440ffd7)
I 0x400050 (line # 0x8fc2000c)
R 0x400050 line(# 0x1)
I 0x400054 (line # 0x21080)
I 0x400058 (line # 0x8fc30020)
R 0x400058 line(# 0x10010004)
I 0x40005c (line # 0x621021)
I 0x400060 (line # 0x8c430000)
R 0x400060 line(# 0x1)
I 0x400064 (line # 0x8fc20010)
R 0x400064 line(# 0x6)
I 0x400068 (line # 0x43102a)
I 0x40006c (line # 0x1440001a)
I 0x400070 (line # 0x0)
I 0x400074 (line # 0x8fc20008)
R 0x400074 line(# 0x1)
I 0x400078 (line # 0x21080)
I 0x40007c (line # 0x8fc30020)
R 0x40007c line(# 0x10010004)
I 0x400080 (line # 0x621021)
I 0x400084 (line # 0x8c420000)
R 0x400084 line(# 0x1)
I 0x400088 (line # 0xafc20014)
W 0x400088 line(# 0x1)
I 0x40008c (line # 0x8fc20008)
R 0x40008c line(# 0x1)
I 0x400090 (line # 0x21080)
I 0x400094 (line # 0x8fc30020)
R 0x400094 line(# 0x10010004)
I 0x400098 (line # 0x621021)
I 0x40009c (line # 0x8fc3000c)
R 0x40009c line(# 0x1)
I 0x4000a0 (line # 0x31880)
I 0x4000a4 (line # 0x8fc40020)
R 0x4000a4 line(# 0x10010004)
I 0x4000a8 (line # 0x831821)
I 0x4000ac (line # 0x8c630000)
R 0x4000ac line(# 0x1)
I 0x4000b0 (line # 0xac430000)
W 0x4000b0 line(# 0x1)
I 0x4000b4 (line # 0x8fc2000c)
R 0x4000b4 line(# 0x1)
I 0x4000b8 (line # 0x21080)
I 0x4000bc (line # 0x8fc30020)
R 0x4000bc line(# 0x10010004)
I 0x4000c0 (line # 0x621021)
I 0x4000c4 (line # 0x8fc30014)
R 0x4000c4 line(# 0x1)
I 0x4000c8 (line # 0xac430000)
W 0x4000c8 line(# 0x1)
I 0x4000cc (line # 0x8fc20008)
R 0x4000cc line(# 0x1)
I 0x4000d0 (line # 0x24420001)
I 0x4000d4 (line # 0xafc20008)
W 0x4000d4 line(# 0x2)
I 0x4000d8 (line # 0x8fc2000c)
R 0x4000d8 line(# 0x1)
I 0x4000dc (line # 0x24420001)
I 0x4000e0 (line # 0xafc2000c)
W 0x4000e0 line(# 0x2)
I 0x4000e4 (line # 0x8fc3000c)
R 0x4000e4 line(# 0x2)
I 0x4000e8 (line # 0x8fc20028)
R 0x4000e8 line(# 0x9)
I 0x4000ec (line # 0x62102a)
I 0x4000f0 (line # 0x1440ffd7)
I 0x400050 (line # 0x8fc2000c)
R 0x400050 line(# 0x2)
I 0x400054 (line # 0x21080)
I 0x400058 (line # 0x8fc30020)
R 0x400058 line(# 0x10010004)
I 0x40005c (line # 0x621021)
I 0x400060 (line # 0x8c430000)
R 0x400060 line(# 0x5)
I 0x400064 (line # 0x8fc20010)
R 0x400064 line(# 0x6)
I 0x400068 (line # 0x43102a)
I 0x40006c (line # 0x1440001a)
I 0x400070 (line # 0x0)
I 0x400074 (line # 0x8fc20008)
R 0x400074 line(# 0x2)
I 0x400078 (line # 0x21080)
I 0x40007c (line # 0x8fc30020)
R 0x40007c line(# 0x10010004)
I 0x400080 (line # 0x621021)
I 0x400084 (line # 0x8c420000)
R 0x400084 line(# 0x5)
I 0x400088 (line # 0xafc20014)
W 0x400088 line(# 0x5)
I 0x40008c (line # 0x8fc20008)
R 0x40008c line(# 0x2)
I 0x400090 (line # 0x21080)
I 0x400094 (line # 0x8fc30020)
R 0x400094 line(# 0x10010004)
I 0x400098 (line # 0x621021)
I 0x40009c (line # 0x8fc3000c)
R 0x40009c line(# 0x2)
I 0x4000a0 (line # 0x31880)
I 0x4000a4 (line # 0x8fc40020)
R 0x4000a4 line(# 0x10010004)
I 0x4000a8 (line # 0x831821)
I 0x4000ac (line # 0x8c630000)
R 0x4000ac line(# 0x5)
I 0x4000b0 (line # 0xac430000)
W 0x4000b0 line(# 0x5)
I 0x4000b4 (line # 0x8fc2000c)
R 0x4000b4 line(# 0x2)
I 0x4000b8 (line # 0x21080)
I 0x4000bc (line # 0x8fc30020)
R 0x4000bc line(# 0x10010004)
I 0x4000c0 (line # 0x621021)
I 0x4000c4 (line # 0x8fc30014)
R 0x4000c4 line(# 0x5)
I 0x4000c8 (line # 0xac430000)
W 0x4000c8 line(# 0x5)
I 0x4000cc (line # 0x8fc20008)
R 0x4000cc line(# 0x2)
I 0x4000d0 (line # 0x24420001)
I 0x4000d4 (line # 0xafc20008)
W 0x4000d4 line(# 0x3)
I 0x4000d8 (line # 0x8fc2000c)
R 0x4000d8 line(# 0x2)
I 0x4000dc (line # 0x24420001)
I 0x4000e0 (line # 0xafc2000c)
W 0x4000e0 line(# 0x3)
I 0x4000e4 (line # 0x8fc3000c)
R 0x4000e4 line(# 0x3)
I 0x4000e8 (line # 0x8fc20028)
R 0x4000e8 line(# 0x9)
I 0x4000ec (line # 0x62102a)
I 0x4000f0 (line # 0x1440ffd7)
I 0x400050 (line # 0x8fc2000c)
R 0x400050 line(# 0x3)
I 0x400054 (line # 0x21080)
I 0x400058 (line # 0x8fc30020)
R 0x400058 line(# 0x10010004)
I 0x40005c (line # 0x621021)
I 0x400060 (line # 0x8c430000)
R 0x400060 line(# 0x9)
I 0x400064 (line # 0x8fc20010)
R 0x400064 line(# 0x6)
I 0x400068 (line # 0x43102a)
I 0x40006c (line # 0x1440001a)
I 0x4000d8 (line # 0x8fc2000c)
R 0x4000d8 line(# 0x3)
I 0x4000dc (line # 0x24420001)
I 0x4000e0 (line # 0xafc2000c)
W 0x4000e0 line(# 0x4)
I 0x4000e4 (line # 0x8fc3000c)
R 0x4000e4 line(# 0x4)
I 0x4000e8 (line # 0x8fc20028)
R 0x4000e8 line(# 0x9)
I 0x4000ec (line # 0x62102a)
I 0x4000f0 (line # 0x1440ffd7)
I 0x400050 (line # 0x8fc2000c)
R 0x400050 line(# 0x4)
I 0x400054 (line # 0x21080)
I 0x400058 (line # 0x8fc30020)
R 0x400058 line(# 0x10010004)
I 0x40005c (line # 0x621021)
I 0x400060 (line # 0x8c430000)
R 0x400060 line(# 0x7)
I 0x400064 (line # 0x8fc20010)
R 0x400064 line(# 0x6)
I 0x400068 (line # 0x43102a)
I 0x40006c (line # 0x1440001a)
I 0x4000d8 (line # 0x8fc2000c)
R 0x4000d8 line(# 0x4)
I 0x4000dc (line # 0x24420001)
I 0x4000e0 (line # 0xafc2000c)
W 0x4000e0 line(# 0x5)
I 0x4000e4 (line # 0x8fc3000c)
R 0x4000e4 line(# 0x5)
I 0x4000e8 (line # 0x8fc20028)
R 0x4000e8 line(# 0x9)
I 0x4000ec (line # 0x62102a)
I 0x4000f0 (line # 0x1440ffd7)
I 0x400050 (line # 0x8fc2000c)
R 0x400050 line(# 0x5)
I 0x400054 (line # 0x21080)
I 0x400058 (line # 0x8fc30020)
R 0x400058 line(# 0x10010004)
I 0x40005c (line # 0x621021)
I 0x400060 (line # 0x8c430000)
R 0x400060 line(# 0x8)
I 0x400064 (line # 0x8fc20010)
R 0x400064 line(# 0x6)
I 0x400068 (line # 0x43102a)
I 0x40006c (line # 0x1440001a)
I 0x4000d8 (line # 0x8fc2000c)
R 0x4000d8 line(# 0x5)
I 0x4000dc (line # 0x24420001)
I 0x4000e0 (line # 0xafc2000c)
W 0x4000e0 line(# 0x6)
I 0x4000e4 (line # 0x8fc3000c)
R 0x4000e4 line(# 0x6)
I 0x4000e8 (line # 0x8fc20028)
R 0x4000e8 line(# 0x9)
I 0x4000ec (line # 0x62102a)
I 0x4000f0 (line # 0x1440ffd7)
I 0x400050 (line # 0x8fc2000c)
R 0x400050 line(# 0x6)
I 0x400054 (line # 0x21080)
I 0x400058 (line # 0x8fc30020)
R 0x400058 line(# 0x10010004)
I 0x40005c (line # 0x621021)
I 0x400060 (line # 0x8c430000)
R 0x400060 line(# 0x4)
I 0x400064 (line # 0x8fc20010)
R 0x400064 line(# 0x6)
I 0x400068 (line # 0x43102a)
I 0x40006c (line # 0x1440001a)
I 0x400070 (line # 0x0)
I 0x400074 (line # 0x8fc20008)
R 0x400074 line(# 0x3)
I 0x400078 (line # 0x21080)
I 0x40007c (line # 0x8fc30020)
R 0x40007c line(# 0x10010004)
I 0x400080 (line # 0x621021)
I 0x400084 (line # 0x8c420000)
R 0x400084 line(# 0x9)
I 0x400088 (line # 0xafc20014)
W 0x400088 line(# 0x9)
I 0x40008c (line # 0x8fc20008)
R 0x40008c line(# 0x3)
I 0x400090 (line # 0x21080)
I 0x400094 (line # 0x8fc30020)
R 0x400094 line(# 0x10010004)
I 0x400098 (line # 0x621021)
I 0x40009c (line # 0x8fc3000c)
R 0x40009c line(# 0x6)
I 0x4000a0 (line # 0x31880)
I 0x4000a4 (line # 0x8fc40020)
R 0x4000a4 line(# 0x10010004)
I 0x4000a8 (line # 0x831821)
I 0x4000ac (line # 0x8c630000)
R 0x4000ac line(# 0x4)
I 0x4000b0 (line # 0xac430000)
W 0x4000b0 line(# 0x4)
I 0x4000b4 (line # 0x8fc2000c)
R 0x4000b4 line(# 0x6)
I 0x4000b8 (line # 0x21080)
I 0x4000bc (line # 0x8fc30020)
R 0x4000bc line(# 0x10010004)
I 0x4000c0 (line # 0x621021)
I 0x4000c4 (line # 0x8fc30014)
R 0x4000c4 line(# 0x9)
I 0x4000c8 (line # 0xac430000)
W 0x4000c8 line(# 0x9)
I 0x4000cc (line # 0x8fc20008)
R 0x4000cc line(# 0x3)
I 0x4000d0 (line # 0x24420001)
I 0x4000d4 (line # 0xafc20008)
W 0x4000d4 line(# 0x4)
I 0x4000d8 (line # 0x8fc2000c)
R 0x4000d8 line(# 0x6)
I 0x4000dc (line # 0x24420001)
I 0x4000e0 (line # 0xafc2000c)
W 0x4000e0 line(# 0x7)
I 0x4000e4 (line # 0x8fc3000c)
R 0x4000e4 line(# 0x7)
I 0x4000e8 (line # 0x8fc20028)
R 0x4000e8 line(# 0x9)
I 0x4000ec (line # 0x62102a)
I 0x4000f0 (line # 0x1440ffd7)
I 0x400050 (line # 0x8fc2000c)
R 0x400050 line(# 0x7)
I 0x400054 (line # 0x21080)
I 0x400058 (line # 0x8fc30020)
R 0x400058 line(# 0x10010004)
I 0x40005c (line # 0x621021)
I 0x400060 (line # 0x8c430000)
R 0x400060 line(# 0x0)
I 0x400064 (line # 0x8fc20010)
R 0x400064 line(# 0x6)
I 0x400068 (line # 0x43102a)
I 0x40006c (line # 0x1440001a)
I 0x400070 (line # 0x0)
I 0x400074 (line # 0x8fc20008)
R 0x400074 line(# 0x4)
I 0x400078 (line # 0x21080)
I 0x40007c (line # 0x8fc30020)
R 0x40007c line(# 0x10010004)
I 0x400080 (line # 0x621021)
I 0x400084 (line # 0x8c420000)
R 0x400084 line(# 0x7)
I 0x400088 (line # 0xafc20014)
W 0x400088 line(# 0x7)
I 0x40008c (line # 0x8fc20008)
R 0x40008c line(# 0x4)
I 0x400090 (line # 0x21080)
I 0x400094 (line # 0x8fc30020)
R 0x400094 line(# 0x10010004)
I 0x400098 (line # 0x621021)
I 0x40009c (line # 0x8fc3000c)
R 0x40009c line(# 0x7)
I 0x4000a0 (line # 0x31880)
I 0x4000a4 (line # 0x8fc40020)
R 0x4000a4 line(# 0x10010004)
I 0x4000a8 (line # 0x831821)
I 0x4000ac (line # 0x8c630000)
R 0x4000ac line(# 0x0)
I 0x4000b0 (line # 0xac430000)
W 0x4000b0 line(# 0x0)
I 0x4000b4 (line # 0x8fc2000c)
R 0x4000b4 line(# 0x7)
I 0x4000b8 (line # 0x21080)
I 0x4000bc (line # 0x8fc30020)
R 0x4000bc line(# 0x10010004)
I 0x4000c0 (line # 0x621021)
I 0x4000c4 (line # 0x8fc30014)
R 0x4000c4 line(# 0x7)
I 0x4000c8 (line # 0xac430000)
W 0x4000c8 line(# 0x7)
I 0x4000cc (line # 0x8fc20008)
R 0x4000cc line(# 0x4)
I 0x4000d0 (line # 0x24420001)
I 0x4000d4 (line # 0xafc20008)
W 0x4000d4 line(# 0x5)
I 0x4000d8 (line # 0x8fc2000c)
R 0x4000d8 line(# 0x7)
I 0x4000dc (line # 0x24420001)
I 0x4000e0 (line # 0xafc2000c)
W 0x4000e0 line(# 0x8)
I 0x4000e4 (line # 0x8fc3000c)
R 0x4000e4 line(# 0x8)
I 0x4000e8 (line # 0x8fc20028)
R 0x4000e8 line(# 0x9)
I 0x4000ec (line # 0x62102a)
I 0x4000f0 (line # 0x1440ffd7)
I 0x400050 (line # 0x8fc2000c)
R 0x400050 line(# 0x8)
I 0x400054 (line # 0x21080)
I 0x400058 (line # 0x8fc30020)
R 0x400058 line(# 0x10010004)
I 0x40005c (line # 0x621021)
I 0x400060 (line # 0x8c430000)
R 0x400060 line(# 0x3)
I 0x400064 (line # 0x8fc20010)
R 0x400064 line(# 0x6)
I 0x400068 (line # 0x43102a)
I 0x40006c (line # 0x1440001a)
I 0x400070 (line # 0x0)
I 0x400074 (line # 0x8fc20008)
R 0x400074 line(# 0x5)
I 0x400078 (line # 0x21080)
I 0x40007c (line # 0x8fc30020)
R 0x40007c line(# 0x10010004)
I 0x400080 (line # 0x621021)
I 0x400084 (line # 0x8c420000)
R 0x400084 line(# 0x8)
I 0x400088 (line # 0xafc20014)
W 0x400088 line(# 0x8)
I 0x40008c (line # 0x8fc20008)
R 0x40008c line(# 0x5)
I 0x400090 (line # 0x21080)
I 0x400094 (line # 0x8fc30020)
R 0x400094 line(# 0x10010004)
I 0x400098 (line # 0x621021)
I 0x40009c (line # 0x8fc3000c)
R 0x40009c line(# 0x8)
I 0x4000a0 (line # 0x31880)
I 0x4000a4 (line # 0x8fc40020)
R 0x4000a4 line(# 0x10010004)
I 0x4000a8 (line # 0x831821)
I 0x4000ac (line # 0x8c630000)
R 0x4000ac line(# 0x3)
I 0x4000b0 (line # 0xac430000)
W 0x4000b0 line(# 0x3)
I 0x4000b4 (line # 0x8fc2000c)
R 0x4000b4 line(# 0x8)
I 0x4000b8 (line # 0x21080)
I 0x4000bc (line # 0x8fc30020)
R 0x4000bc line(# 0x10010004)
I 0x4000c0 (line # 0x621021)
I 0x4000c4 (line # 0x8fc30014)
R 0x4000c4 line(# 0x8)
I 0x4000c8 (line # 0xac430000)
W 0x4000c8 line(# 0x8)
I 0x4000cc (line # 0x8fc20008)
R 0x4000cc line(# 0x5)
I 0x4000d0 (line # 0x24420001)
I 0x4000d4 (line # 0xafc20008)
W 0x4000d4 line(# 0x6)
I 0x4000d8 (line # 0x8fc2000c)
R 0x4000d8 line(# 0x8)
I 0x4000dc (line # 0x24420001)
I 0x4000e0 (line # 0xafc2000c)
W 0x4000e0 line(# 0x9)
I 0x4000e4 (line # 0x8fc3000c)
R 0x4000e4 line(# 0x9)
I 0x4000e8 (line # 0x8fc20028)
R 0x4000e8 line(# 0x9)
I 0x4000ec (line # 0x62102a)
I 0x4000f0 (line # 0x1440ffd7)
I 0x4000f4 (line # 0x0)
I 0x4000f8 (line # 0x8fc20008)
R 0x4000f8 line(# 0x6)
I 0x4000fc (line # 0x21080)
I 0x400100 (line # 0x8fc30020)
R 0x400100 line(# 0x10010004)
I 0x400104 (line # 0x621021)
I 0x400108 (line # 0x8c420000)
R 0x400108 line(# 0x9)
I 0x40010c (line # 0xafc20014)
W 0x40010c line(# 0x9)
I 0x400110 (line # 0x8fc20008)
R 0x400110 line(# 0x6)
I 0x400114 (line # 0x21080)
I 0x400118 (line # 0x8fc30020)
R 0x400118 line(# 0x10010004)
I 0x40011c (line # 0x621021)
I 0x400120 (line # 0x8fc30028)
R 0x400120 line(# 0x9)
I 0x400124 (line # 0x31880)
I 0x400128 (line # 0x8fc40020)
R 0x400128 line(# 0x10010004)
I 0x40012c (line # 0x831821)
I 0x400130 (line # 0x8c630000)
R 0x400130 line(# 0x6)
I 0x400134 (line # 0xac430000)
W 0x400134 line(# 0x6)
I 0x400138 (line # 0x8fc20028)
R 0x400138 line(# 0x9)
I 0x40013c (line # 0x21080)
I 0x400140 (line # 0x8fc30020)
R 0x400140 line(# 0x10010004)
I 0x400144 (line # 0x621021)
I 0x400148 (line # 0x8fc30014)
R 0x400148 line(# 0x9)
I 0x40014c (line # 0xac430000)
W 0x40014c line(# 0x9)
I 0x400150 (line # 0x8fc20008)
R 0x400150 line(# 0x6)
I 0x400154 (line # 0x1ee821)
I 0x400158 (line # 0x8fbe001c)
R 0x400158 line(# 0x7fffefac)
I 0x40015c (line # 0x27bd0020)
I 0x400160 (line # 0x3e00008)
I 0x4001ac (line # 0xafc20018)
W 0x4001ac line(# 0x6)
I 0x4001b0 (line # 0x8fc20018)
R 0x4001b0 line(# 0x6)
I 0x4001b4 (line # 0x2442ffff)
I 0x4001b8 (line # 0x23021)
I 0x4001bc (line # 0x8fc5002c)
R 0x4001bc line(# 0x0)
I 0x4001c0 (line # 0x8fc40028)
R 0x4001c0 line(# 0x10010004)
I 0x4001c4 (line # 0xc10005a)
I 0x400168 (line # 0x27bdffd8)
I 0x40016c (line # 0xafbf0024)
W 0x40016c line(# 0x4001cc)
I 0x400170 (line # 0xafbe0020)
W 0x400170 line(# 0x7fffefac)
I 0x400174 (line # 0x1df021)
I 0x400178 (line # 0xafc40028)
W 0x400178 line(# 0x10010004)
I 0x40017c (line # 0xafc5002c)
W 0x40017c line(# 0x0)
I 0x400180 (line # 0xafc60030)
W 0x400180 line(# 0x5)
I 0x400184 (line # 0x8fc3002c)
R 0x400184 line(# 0x0)
I 0x400188 (line # 0x8fc20030)
R 0x400188 line(# 0x5)
I 0x40018c (line # 0x62102a)
I 0x400190 (line # 0x10400015)
I 0x400194 (line # 0x0)
I 0x400198 (line # 0x8fc60030)
R 0x400198 line(# 0x5)
I 0x40019c (line # 0x8fc5002c)
R 0x40019c line(# 0x0)
I 0x4001a0 (line # 0x8fc40028)
R 0x4001a0 line(# 0x10010004)
I 0x4001a4 (line # 0xc100002)
I 0x400008 (line # 0x27bdffe0)
I 0x40000c (line # 0xafbe001c)
W 0x40000c line(# 0x7fffef84)
I 0x400010 (line # 0x1df021)
I 0x400014 (line # 0xafc40020)
W 0x400014 line(# 0x10010004)
I 0x400018 (line # 0xafc50024)
W 0x400018 line(# 0x0)
I 0x40001c (line # 0xafc60028)
W 0x40001c line(# 0x5)
I 0x400020 (line # 0x8fc20028)
R 0x400020 line(# 0x5)
I 0x400024 (line # 0x21080)
I 0x400028 (line # 0x8fc30020)
R 0x400028 line(# 0x10010004)
I 0x40002c (line # 0x621021)
I 0x400030 (line # 0x8c420000)
R 0x400030 line(# 0x3)
I 0x400034 (line # 0xafc20010)
W 0x400034 line(# 0x3)
I 0x400038 (line # 0x8fc20024)
R 0x400038 line(# 0x0)
I 0x40003c (line # 0xafc20008)
W 0x40003c line(# 0x0)
I 0x400040 (line # 0x8fc20024)
R 0x400040 line(# 0x0)
I 0x400044 (line # 0xafc2000c)
W 0x400044 line(# 0x0)
I 0x400048 (line # 0x10000026)
I 0x4000e4 (line # 0x8fc3000c)
R 0x4000e4 line(# 0x0)
I 0x4000e8 (line # 0x8fc20028)
R 0x4000e8 line(# 0x5)
I 0x4000ec (line # 0x62102a)
I 0x4000f0 (line # 0x1440ffd7)
I 0x400050 (line # 0x8fc2000c)
R 0x400050 line(# 0x0)
I 0x400054 (line # 0x21080)
I 0x400058 (line # 0x8fc30020)
R 0x400058 line(# 0x10010004)
I 0x40005c (line # 0x621021)
I 0x400060 (line # 0x8c430000)
R 0x400060 line(# 0x2)
I 0x400064 (line # 0x8fc20010)
R 0x400064 line(# 0x3)
I 0x400068 (line # 0x43102a)
I 0x40006c (line # 0x1440001a)
I 0x400070 (line # 0x0)
I 0x400074 (line # 0x8fc20008)
R 0x400074 line(# 0x0)
I 0x400078 (line # 0x21080)
I 0x40007c (line # 0x8fc30020)
R 0x40007c line(# 0x10010004)
I 0x400080 (line # 0x621021)
I 0x400084 (line # 0x8c420000)
R 0x400084 line(# 0x2)
I 0x400088 (line # 0xafc20014)
W 0x400088 line(# 0x2)
I 0x40008c (line # 0x8fc20008)
R 0x40008c line(# 0x0)
I 0x400090 (line # 0x21080)
I 0x400094 (line # 0x8fc30020)
R 0x400094 line(# 0x10010004)
I 0x400098 (line # 0x621021)
I 0x40009c (line # 0x8fc3000c)
R 0x40009c line(# 0x0)
I 0x4000a0 (line # 0x31880)
I 0x4000a4 (line # 0x8fc40020)
R 0x4000a4 line(# 0x10010004)
I 0x4000a8 (line # 0x831821)
I 0x4000ac (line # 0x8c630000)
R 0x4000ac line(# 0x2)
I 0x4000b0 (line # 0xac430000)
W 0x4000b0 line(# 0x2)
I 0x4000b4 (line # 0x8fc2000c)
R 0x4000b4 line(# 0x0)
I 0x4000b8 (line # 0x21080)
I 0x4000bc (line # 0x8fc30020)
R 0x4000bc line(# 0x10010004)
I 0x4000c0 (line # 0x621021)
I 0x4000c4 (line # 0x8fc30014)
R 0x4000c4 line(# 0x2)
I 0x4000c8 (line # 0xac430000)
W 0x4000c8 line(# 0x2)
I 0x4000cc (line # 0x8fc20008)
R 0x4000cc line(# 0x0)
I 0x4000d0 (line # 0x24420001)
I 0x4000d4 (line # 0xafc20008)
W 0x4000d4 line(# 0x1)
I 0x4000d8 (line # 0x8fc2000c)
R 0x4000d8 line(# 0x0)
I 0x4000dc (line # 0x24420001)
I 0x4000e0 (line # 0xafc2000c)
W 0x4000e0 line(# 0x1)
I 0x4000e4 (line # 0x8fc3000c)
R 0x4000e4 line(# 0x1)
I 0x4000e8 (line # 0x8fc20028)
R 0x4000e8 line(# 0x5)
I 0x4000ec (line # 0x62102a)
I 0x4000f0 (line # 0x1440ffd7)
I 0x400050 (line # 0x8fc2000c)
R 0x400050 line(# 0x1)
I 0x400054 (line # 0x21080)
I 0x400058 (line # 0x8fc30020)
R 0x400058 line(# 0x10010004)
I 0x40005c (line # 0x621021)
I 0x400060 (line # 0x8c430000)
R 0x400060 line(# 0x1)
I 0x400064 (line # 0x8fc20010)
R 0x400064 line(# 0x3)
I 0x400068 (line # 0x43102a)
I 0x40006c (line # 0x1440001a)
I 0x400070 (line # 0x0)
I 0x400074 (line # 0x8fc20008)
R 0x400074 line(# 0x1)
I 0x400078 (line # 0x21080)
I 0x40007c (line # 0x8fc30020)
R 0x40007c line(# 0x10010004)
I 0x400080 (line # 0x621021)
I 0x400084 (line # 0x8c420000)
R 0x400084 line(# 0x1)
I 0x400088 (line # 0xafc20014)
W 0x400088 line(# 0x1)
I 0x40008c (line # 0x8fc20008)
R 0x40008c line(# 0x1)
I 0x400090 (line # 0x21080)
I 0x400094 (line # 0x8fc30020)
R 0x400094 line(# 0x10010004)
I 0x400098 (line # 0x621021)
I 0x40009c (line # 0x8fc3000c)
R 0x40009c line(# 0x1)
I 0x4000a0 (line # 0x31880)
I 0x4000a4 (line # 0x8fc40020)
R 0x4000a4 line(# 0x10010004)
I 0x4000a8 (line # 0x831821)
I 0x4000ac (line # 0x8c630000)
R 0x4000ac line(# 0x1)
I 0x4000b0 (line # 0xac430000)
W 0x4000b0 line(# 0x1)
I 0x4000b4 (line # 0x8fc2000c)
R 0x4000b4 line(# 0x1)
I 0x4000b8 (line # 0x21080)
I 0x4000bc (line # 0x8fc30020)
R 0x4000bc line(# 0x10010004)
I 0x4000c0 (line # 0x621021)
I 0x4000c4 (line # 0x8fc30014)
R 0x4000c4 line(# 0x1)
I 0x4000c8 (line # 0xac430000)
W 0x4000c8 line(# 0x1)
I 0x4000cc (line # 0x8fc20008)
R 0x4000cc line(# 0x1)
I 0x4000d0 (line # 0x24420001)
I 0x4000d4 (line # 0xafc20008)
W 0x4000d4 line(# 0x2)
I 0x4000d8 (line # 0x8fc2000c)
R 0x4000d8 line(# 0x1)
I 0x4000dc (line # 0x24420001)
I 0x4000e0 (line # 0xafc2000c)
W 0x4000e0 line(# 0x2)
I 0x4000e4 (line # 0x8fc3000c)
R 0x4000e4 line(# 0x2)
I 0x4000e8 (line # 0x8fc20028)
R 0x4000e8 line(# 0x5)
I 0x4000ec (line # 0x62102a)
I 0x4000f0 (line # 0x1440ffd7)
I 0x400050 (line # 0x8fc2000c)
R 0x400050 line(# 0x2)
I 0x400054 (line # 0x21080)
I 0x400058 (line # 0x8fc30020)
R 0x400058 line(# 0x10010004)
I 0x40005c (line # 0x621021)
I 0x400060 (line # 0x8c430000)
R 0x400060 line(# 0x5)
I 0x400064 (line # 0x8fc20010)
R 0x400064 line(# 0x3)
I 0x400068 (line # 0x43102a)
I 0x40006c (line # 0x1440001a)
I 0x4000d8 (line # 0x8fc2000c)
R 0x4000d8 line(# 0x2)
I 0x4000dc (line # 0x24420001)
I 0x4000e0 (line # 0xafc2000c)
W 0x4000e0 line(# 0x3)
I 0x4000e4 (line # 0x8fc3000c)
R 0x4000e4 line(# 0x3)
I 0x4000e8 (line # 0x8fc20028)
R 0x4000e8 line(# 0x5)
I 0x4000ec (line # 0x62102a)
I 0x4000f0 (line # 0x1440ffd7)
I 0x400050 (line # 0x8fc2000c)
R 0x400050 line(# 0x3)
I 0x400054 (line # 0x21080)
I 0x400058 (line # 0x8fc30020)
R 0x400058 line(# 0x10010004)
I 0x40005c (line # 0x621021)
I 0x400060 (line # 0x8c430000)
R 0x400060 line(# 0x4)
I 0x400064 (line # 0x8fc20010)
R 0x400064 line(# 0x3)
I 0x400068 (line # 0x43102a)
I 0x40006c (line # 0x1440001a)
I 0x4000d8 (line # 0x8fc2000c)
R 0x4000d8 line(# 0x3)
I 0x4000dc (line # 0x24420001)
I 0x4000e0 (line # 0xafc2000c)
W 0x4000e0 line(# 0x4)
I 0x4000e4 (line # 0x8fc3000c)
R 0x4000e4 line(# 0x4)
I 0x4000e8 (line # 0x8fc20028)
R 0x4000e8 line(# 0x5)
I 0x4000ec (line # 0x62102a)
I 0x4000f0 (line # 0x1440ffd7)
I 0x400050 (line # 0x8fc2000c)
R 0x400050 line(# 0x4)
I 0x400054 (line # 0x21080)
I 0x400058 (line # 0x8fc30020)
R 0x400058 line(# 0x10010004)
I 0x40005c (line # 0x621021)
I 0x400060 (line # 0x8c430000)
R 0x400060 line(# 0x0)
I 0x400064 (line # 0x8fc20010)
R 0x400064 line(# 0x3)
I 0x400068 (line # 0x43102a)
I 0x40006c (line # 0x1440001a)
I 0x400070 (line # 0x0)
I 0x400074 (line # 0x8fc20008)
R 0x400074 line(# 0x2)
I 0x400078 (line # 0x21080)
I 0x40007c (line # 0x8fc30020)
R 0x40007c line(# 0x10010004)
I 0x400080 (line # 0x621021)
I 0x400084 (line # 0x8c420000)
R 0x400084 line(# 0x5)
I 0x400088 (line # 0xafc20014)
W 0x400088 line(# 0x5)
I 0x40008c (line # 0x8fc20008)
R 0x40008c line(# 0x2)
I 0x400090 (line # 0x21080)
I 0x400094 (line # 0x8fc30020)
R 0x400094 line(# 0x10010004)
I 0x400098 (line # 0x621021)
I 0x40009c (line # 0x8fc3000c)
R 0x40009c line(# 0x4)
I 0x4000a0 (line # 0x31880)
I 0x4000a4 (line # 0x8fc40020)
R 0x4000a4 line(# 0x10010004)
I 0x4000a8 (line # 0x831821)
I 0x4000ac (line # 0x8c630000)
R 0x4000ac line(# 0x0)
I 0x4000b0 (line # 0xac430000)
W 0x4000b0 line(# 0x0)
I 0x4000b4 (line # 0x8fc2000c)
R 0x4000b4 line(# 0x4)
I 0x4000b8 (line # 0x21080)
I 0x4000bc (line # 0x8fc30020)
R 0x4000bc line(# 0x10010004)
I 0x4000c0 (line # 0x621021)
I 0x4000c4 (line # 0x8fc30014)
R 0x4000c4 line(# 0x5)
I 0x4000c8 (line # 0xac430000)
W 0x4000c8 line(# 0x5)
I 0x4000cc (line # 0x8fc20008)
R 0x4000cc line(# 0x2)
I 0x4000d0 (line # 0x24420001)
I 0x4000d4 (line # 0xafc20008)
W 0x4000d4 line(# 0x3)
I 0x4000d8 (line # 0x8fc2000c)
R 0x4000d8 line(# 0x4)
I 0x4000dc (line # 0x24420001)
I 0x4000e0 (line # 0xafc2000c)
W 0x4000e0 line(# 0x5)
I 0x4000e4 (line # 0x8fc3000c)
R 0x4000e4 line(# 0x5)
I 0x4000e8 (line # 0x8fc20028)
R 0x4000e8 line(# 0x5)
I 0x4000ec (line # 0x62102a)
I 0x4000f0 (line # 0x1440ffd7)
I 0x4000f4 (line # 0x0)
I 0x4000f8 (line # 0x8fc20008)
R 0x4000f8 line(# 0x3)
I 0x4000fc (line # 0x21080)
I 0x400100 (line # 0x8fc30020)
R 0x400100 line(# 0x10010004)
I 0x400104 (line # 0x621021)
I 0x400108 (line # 0x8c420000)
R 0x400108 line(# 0x4)
I 0x40010c (line # 0xafc20014)
W 0x40010c line(# 0x4)
I 0x400110 (line # 0x8fc20008)
R 0x400110 line(# 0x3)
I 0x400114 (line # 0x21080)
I 0x400118 (line # 0x8fc30020)
R 0x400118 line(# 0x10010004)
I 0x40011c (line # 0x621021)
I 0x400120 (line # 0x8fc30028)
R 0x400120 line(# 0x5)
I 0x400124 (line # 0x31880)
I 0x400128 (line # 0x8fc40020)
R 0x400128 line(# 0x10010004)
I 0x40012c (line # 0x831821)
I 0x400130 (line # 0x8c630000)
R 0x400130 line(# 0x3)
I 0x400134 (line # 0xac430000)
W 0x400134 line(# 0x3)
I 0x400138 (line # 0x8fc20028)
R 0x400138 line(# 0x5)
I 0x40013c (line # 0x21080)
I 0x400140 (line # 0x8fc30020)
R 0x400140 line(# 0x10010004)
I 0x400144 (line # 0x621021)
I 0x400148 (line # 0x8fc30014)
R 0x400148 line(# 0x4)
I 0x40014c (line # 0xac430000)
W 0x40014c line(# 0x4)
I 0x400150 (line # 0x8fc20008)
R 0x400150 line(# 0x3)
I 0x400154 (line # 0x1ee821)
I 0x400158 (line # 0x8fbe001c)
R 0x400158 line(# 0x7fffef84)
I 0x40015c (line # 0x27bd0020)
I 0x400160 (line # 0x3e00008)
I 0x4001ac (line # 0xafc20018)
W 0x4001ac line(# 0x3)
I 0x4001b0 (line # 0x8fc20018)
R 0x4001b0 line(# 0x3)
I 0x4001b4 (line # 0x2442ffff)
I 0x4001b8 (line # 0x23021)
I 0x4001bc (line # 0x8fc5002c)
R 0x4001bc line(# 0x0)
I 0x4001c0 (line # 0x8fc40028)
R 0x4001c0 line(# 0x10010004)
I 0x4001c4 (line # 0xc10005a)
I 0x400168 (line # 0x27bdffd8)
I 0x40016c (line # 0xafbf0024)
W 0x40016c line(# 0x4001cc)
I 0x400170 (line # 0xafbe0020)
W 0x400170 line(# 0x7fffef84)
I 0x400174 (line # 0x1df021)
I 0x400178 (line # 0xafc40028)
W 0x400178 line(# 0x10010004)
I 0x40017c (line # 0xafc5002c)
W 0x40017c line(# 0x0)
I 0x400180 (line # 0xafc60030)
W 0x400180 line(# 0x2)
I 0x400184 (line # 0x8fc3002c)
R 0x400184 line(# 0x0)
I 0x400188 (line # 0x8fc20030)
R 0x400188 line(# 0x2)
I 0x40018c (line # 0x62102a)
I 0x400190 (line # 0x10400015)
I 0x400194 (line # 0x0)
I 0x400198 (line # 0x8fc60030)
R 0x400198 line(# 0x2)
I 0x40019c (line # 0x8fc5002c)
R 0x40019c line(# 0x0)
I 0x4001a0 (line # 0x8fc40028)
R 0x4001a0 line(# 0x10010004)
I 0x4001a4 (line # 0xc100002)
I 0x400008 (line # 0x27bdffe0)
I 0x40000c (line # 0xafbe001c)
W 0x40000c line(# 0x7fffef5c)
I 0x400010 (line # 0x1df021)
I 0x400014 (line # 0xafc40020)
W 0x400014 line(# 0x10010004)
I 0x400018 (line # 0xafc50024)
W 0x400018 line(# 0x0)
I 0x40001c (line # 0xafc60028)
W 0x40001c line(# 0x2)
I 0x400020 (line # 0x8fc20028)
R 0x400020 line(# 0x2)
I 0x400024 (line # 0x21080)
I 0x400028 (line # 0x8fc30020)
R 0x400028 line(# 0x10010004)
I 0x40002c (line # 0x621021)
I 0x400030 (line # 0x8c420000)
R 0x400030 line(# 0x0)
I 0x400034 (line # 0xafc20010)
W 0x400034 line(# 0x0)
I 0x400038 (line # 0x8fc20024)
R 0x400038 line(# 0x0)
I 0x40003c (line # 0xafc20008)
W 0x40003c line(# 0x0)
I 0x400040 (line # 0x8fc20024)
R 0x400040 line(# 0x0)
I 0x400044 (line # 0xafc2000c)
W 0x400044 line(# 0x0)
I 0x400048 (line # 0x10000026)
I 0x4000e4 (line # 0x8fc3000c)
R 0x4000e4 line(# 0x0)
I 0x4000e8 (line # 0x8fc20028)
R 0x4000e8 line(# 0x2)
I 0x4000ec (line # 0x62102a)
I 0x4000f0 (line # 0x1440ffd7)
I 0x400050 (line # 0x8fc2000c)
R 0x400050 line(# 0x0)
I 0x400054 (line # 0x21080)
I 0x400058 (line # 0x8fc30020)
R 0x400058 line(# 0x10010004)
I 0x40005c (line # 0x621021)
I 0x400060 (line # 0x8c430000)
R 0x400060 line(# 0x2)
I 0x400064 (line # 0x8fc20010)
R 0x400064 line(# 0x0)
I 0x400068 (line # 0x43102a)
I 0x40006c (line # 0x1440001a)
I 0x4000d8 (line # 0x8fc2000c)
R 0x4000d8 line(# 0x0)
I 0x4000dc (line # 0x24420001)
I 0x4000e0 (line # 0xafc2000c)
W 0x4000e0 line(# 0x1)
I 0x4000e4 (line # 0x8fc3000c)
R 0x4000e4 line(# 0x1)
I 0x4000e8 (line # 0x8fc20028)
R 0x4000e8 line(# 0x2)
I 0x4000ec (line # 0x62102a)
I 0x4000f0 (line # 0x1440ffd7)
I 0x400050 (line # 0x8fc2000c)
R 0x400050 line(# 0x1)
I 0x400054 (line # 0x21080)
I 0x400058 (line # 0x8fc30020)
R 0x400058 line(# 0x10010004)
I 0x40005c (line # 0x621021)
I 0x400060 (line # 0x8c430000)
R 0x400060 line(# 0x1)
I 0x400064 (line # 0x8fc20010)
R 0x400064 line(# 0x0)
I 0x400068 (line # 0x43102a)
I 0x40006c (line # 0x1440001a)
I 0x4000d8 (line # 0x8fc2000c)
R 0x4000d8 line(# 0x1)
I 0x4000dc (line # 0x24420001)
I 0x4000e0 (line # 0xafc2000c)
W 0x4000e0 line(# 0x2)
I 0x4000e4 (line # 0x8fc3000c)
R 0x4000e4 line(# 0x2)
I 0x4000e8 (line # 0x8fc20028)
R 0x4000e8 line(# 0x2)
I 0x4000ec (line # 0x62102a)
I 0x4000f0 (line # 0x1440ffd7)
I 0x4000f4 (line # 0x0)
I 0x4000f8 (line # 0x8fc20008)
R 0x4000f8 line(# 0x0)
I 0x4000fc (line # 0x21080)
I 0x400100 (line # 0x8fc30020)
R 0x400100 line(# 0x10010004)
I 0x400104 (line # 0x621021)
I 0x400108 (line # 0x8c420000)
R 0x400108 line(# 0x2)
I 0x40010c (line # 0xafc20014)
W 0x40010c line(# 0x2)
I 0x400110 (line # 0x8fc20008)
R 0x400110 line(# 0x0)
I 0x400114 (line # 0x21080)
I 0x400118 (line # 0x8fc30020)
R 0x400118 line(# 0x10010004)
I 0x40011c (line # 0x621021)
I 0x400120 (line # 0x8fc30028)
R 0x400120 line(# 0x2)
I 0x400124 (line # 0x31880)
I 0x400128 (line # 0x8fc40020)
R 0x400128 line(# 0x10010004)
I 0x40012c (line # 0x831821)
I 0x400130 (line # 0x8c630000)
R 0x400130 line(# 0x0)
I 0x400134 (line # 0xac430000)
W 0x400134 line(# 0x0)
I 0x400138 (line # 0x8fc20028)
R 0x400138 line(# 0x2)
I 0x40013c (line # 0x21080)
I 0x400140 (line # 0x8fc30020)
R 0x400140 line(# 0x10010004)
I 0x400144 (line # 0x621021)
I 0x400148 (line # 0x8fc30014)
R 0x400148 line(# 0x2)
I 0x40014c (line # 0xac430000)
W 0x40014c line(# 0x2)
I 0x400150 (line # 0x8fc20008)
R 0x400150 line(# 0x0)
I 0x400154 (line # 0x1ee821)
I 0x400158 (line # 0x8fbe001c)
R 0x400158 line(# 0x7fffef5c)
I 0x40015c (line # 0x27bd0020)
I 0x400160 (line # 0x3e00008)
I 0x4001ac (line # 0xafc20018)
W 0x4001ac line(# 0x0)
I 0x4001b0 (line # 0x8fc20018)
R 0x4001b0 line(# 0x0)
I 0x4001b4 (line # 0x2442ffff)
I 0x4001b8 (line # 0x23021)
I 0x4001bc (line # 0x8fc5002c)
R 0x4001bc line(# 0x0)
I 0x4001c0 (line # 0x8fc40028)
R 0x4001c0 line(# 0x10010004)
I 0x4001c4 (line # 0xc10005a)
I 0x400168 (line # 0x27bdffd8)
I 0x40016c (line # 0xafbf0024)
W 0x40016c line(# 0x4001cc)
I 0x400170 (line # 0xafbe0020)
W 0x400170 line(# 0x7fffef5c)
I 0x400174 (line # 0x1df021)
I 0x400178 (line # 0xafc40028)
W 0x400178 line(# 0x10010004)
I 0x40017c (line # 0xafc5002c)
W 0x40017c line(# 0x0)
I 0x400180 (line # 0xafc60030)
W 0x400180 line(# 0xffffffff)
I 0x400184 (line # 0x8fc3002c)
R 0x400184 line(# 0x0)
I 0x400188 (line # 0x8fc20030)
R 0x400188 line(# 0xffffffff)
I 0x40018c (line # 0x62102a)
I 0x400190 (line # 0x10400015)
I 0x4001e8 (line # 0x1ee821)
I 0x4001ec (line # 0x8fbf0024)
R 0x4001ec line(# 0x4001cc)
I 0x4001f0 (line # 0x8fbe0020)
R 0x4001f0 line(# 0x7fffef5c)
I 0x4001f4 (line # 0x27bd0028)
I 0x4001f8 (line # 0x3e00008)
I 0x4001cc (line # 0x8fc20018)
R 0x4001cc line(# 0x0)
I 0x4001d0 (line # 0x24420001)
I 0x4001d4 (line # 0x8fc60030)
R 0x4001d4 line(# 0x2)
I 0x4001d8 (line # 0x22821)
I 0x4001dc (line # 0x8fc40028)
R 0x4001dc line(# 0x10010004)
I 0x4001e0 (line # 0xc10005a)
I 0x400168 (line # 0x27bdffd8)
I 0x40016c (line # 0xafbf0024)
W 0x40016c line(# 0x4001e8)
I 0x400170 (line # 0xafbe0020)
W 0x400170 line(# 0x7fffef5c)
I 0x400174 (line # 0x1df021)
I 0x400178 (line # 0xafc40028)
W 0x400178 line(# 0x10010004)
I 0x40017c (line # 0xafc5002c)
W 0x40017c line(# 0x1)
I 0x400180 (line # 0xafc60030)
W 0x400180 line(# 0x2)
I 0x400184 (line # 0x8fc3002c)
R 0x400184 line(# 0x1)
I 0x400188 (line # 0x8fc20030)
R 0x400188 line(# 0x2)
I 0x40018c (line # 0x62102a)
I 0x400190 (line # 0x10400015)
I 0x400194 (line # 0x0)
I 0x400198 (line # 0x8fc60030)
R 0x400198 line(# 0x2)
I 0x40019c (line # 0x8fc5002c)
R 0x40019c line(# 0x1)
I 0x4001a0 (line # 0x8fc40028)
R 0x4001a0 line(# 0x10010004)
I 0x4001a4 (line # 0xc100002)
I 0x400008 (line # 0x27bdffe0)
I 0x40000c (line # 0xafbe001c)
W 0x40000c line(# 0x7fffef34)
I 0x400010 (line # 0x1df021)
I 0x400014 (line # 0xafc40020)
W 0x400014 line(# 0x10010004)
I 0x400018 (line # 0xafc50024)
W 0x400018 line(# 0x1)
I 0x40001c (line # 0xafc60028)
W 0x40001c line(# 0x2)
I 0x400020 (line # 0x8fc20028)
R 0x400020 line(# 0x2)
I 0x400024 (line # 0x21080)
I 0x400028 (line # 0x8fc30020)
R 0x400028 line(# 0x10010004)
I 0x40002c (line # 0x621021)
I 0x400030 (line # 0x8c420000)
R 0x400030 line(# 0x2)
I 0x400034 (line # 0xafc20010)
W 0x400034 line(# 0x2)
I 0x400038 (line # 0x8fc20024)
R 0x400038 line(# 0x1)
I 0x40003c (line # 0xafc20008)
W 0x40003c line(# 0x1)
I 0x400040 (line # 0x8fc20024)
R 0x400040 line(# 0x1)
I 0x400044 (line # 0xafc2000c)
W 0x400044 line(# 0x1)
I 0x400048 (line # 0x10000026)
I 0x4000e4 (line # 0x8fc3000c)
R 0x4000e4 line(# 0x1)
I 0x4000e8 (line # 0x8fc20028)
R 0x4000e8 line(# 0x2)
I 0x4000ec (line # 0x62102a)
I 0x4000f0 (line # 0x1440ffd7)
I 0x400050 (line # 0x8fc2000c)
R 0x400050 line(# 0x1)
I 0x400054 (line # 0x21080)
I 0x400058 (line # 0x8fc30020)
R 0x400058 line(# 0x10010004)
I 0x40005c (line # 0x621021)
I 0x400060 (line # 0x8c430000)
R 0x400060 line(# 0x1)
I 0x400064 (line # 0x8fc20010)
R 0x400064 line(# 0x2)
I 0x400068 (line # 0x43102a)
I 0x40006c (line # 0x1440001a)
I 0x400070 (line # 0x0)
I 0x400074 (line # 0x8fc20008)
R 0x400074 line(# 0x1)
I 0x400078 (line # 0x21080)
I 0x40007c (line # 0x8fc30020)
R 0x40007c line(# 0x10010004)
I 0x400080 (line # 0x621021)
I 0x400084 (line # 0x8c420000)
R 0x400084 line(# 0x1)
I 0x400088 (line # 0xafc20014)
W 0x400088 line(# 0x1)
I 0x40008c (line # 0x8fc20008)
R 0x40008c line(# 0x1)
I 0x400090 (line # 0x21080)
I 0x400094 (line # 0x8fc30020)
R 0x400094 line(# 0x10010004)
I 0x400098 (line # 0x621021)
I 0x40009c (line # 0x8fc3000c)
R 0x40009c line(# 0x1)
I 0x4000a0 (line # 0x31880)
I 0x4000a4 (line # 0x8fc40020)
R 0x4000a4 line(# 0x10010004)
I 0x4000a8 (line # 0x831821)
I 0x4000ac (line # 0x8c630000)
R 0x4000ac line(# 0x1)
I 0x4000b0 (line # 0xac430000)
W 0x4000b0 line(# 0x1)
I 0x4000b4 (line # 0x8fc2000c)
R 0x4000b4 line(# 0x1)
I 0x4000b8 (line # 0x21080)
I 0x4000bc (line # 0x8fc30020)
R 0x4000bc line(# 0x10010004)
I 0x4000c0 (line # 0x621021)
I 0x4000c4 (line # 0x8fc30014)
R 0x4000c4 line(# 0x1)
I 0x4000c8 (line # 0xac430000)
W 0x4000c8 line(# 0x1)
I 0x4000cc (line # 0x8fc20008)
R 0x4000cc line(# 0x1)
I 0x4000d0 (line # 0x24420001)
I 0x4000d4 (line # 0xafc20008)
W 0x4000d4 line(# 0x2)
I 0x4000d8 (line # 0x8fc2000c)
R 0x4000d8 line(# 0x1)
I 0x4000dc (line # 0x24420001)
I 0x4000e0 (line # 0xafc2000c)
W 0x4000e0 line(# 0x2)
I 0x4000e4 (line # 0x8fc3000c)
R 0x4000e4 line(# 0x2)
I 0x4000e8 (line # 0x8fc20028)
R 0x4000e8 line(# 0x2)
I 0x4000ec (line # 0x62102a)
I 0x4000f0 (line # 0x1440ffd7)
I 0x4000f4 (line # 0x0)
I 0x4000f8 (line # 0x8fc20008)
R 0x4000f8 line(# 0x2)
I 0x4000fc (line # 0x21080)
I 0x400100 (line # 0x8fc30020)
R 0x400100 line(# 0x10010004)
I 0x400104 (line # 0x621021)
I 0x400108 (line # 0x8c420000)
R 0x400108 line(# 0x2)
I 0x40010c (line # 0xafc20014)
W 0x40010c line(# 0x2)
I 0x400110 (line # 0x8fc20008)
R 0x400110 line(# 0x2)
I 0x400114 (line # 0x21080)
I 0x400118 (line # 0x8fc30020)
R 0x400118 line(# 0x10010004)
I 0x40011c (line # 0x621021)
I 0x400120 (line # 0x8fc30028)
R 0x400120 line(# 0x2)
I 0x400124 (line # 0x31880)
I 0x400128 (line # 0x8fc40020)
R 0x400128 line(# 0x10010004)
I 0x40012c (line # 0x831821)
I 0x400130 (line # 0x8c630000)
R 0x400130 line(# 0x2)
I 0x400134 (line # 0xac430000)
W 0x400134 line(# 0x2)
I 0x400138 (line # 0x8fc20028)
R 0x400138 line(# 0x2)
I 0x40013c (line # 0x21080)
I 0x400140 (line # 0x8fc30020)
R 0x400140 line(# 0x10010004)
I 0x400144 (line # 0x621021)
I 0x400148 (line # 0x8fc30014)
R 0x400148 line(# 0x2)
I 0x40014c (line # 0xac430000)
W 0x40014c line(# 0x2)
I 0x400150 (line # 0x8fc20008)
R 0x400150 line(# 0x2)
I 0x400154 (line # 0x1ee821)
I 0x400158 (line # 0x8fbe001c)
R 0x400158 line(# 0x7fffef34)
I 0x40015c (line # 0x27bd0020)
I 0x400160 (line # 0x3e00008)
I 0x4001ac (line # 0xafc20018)
W 0x4001ac line(# 0x2)
I 0x4001b0 (line # 0x8fc20018)
R 0x4001b0 line(# 0x2)
I 0x4001b4 (line # 0x2442ffff)
I 0x4001b8 (line # 0x23021)
I 0x4001bc (line # 0x8fc5002c)
R 0x4001bc line(# 0x1)
I 0x4001c0 (line # 0x8fc40028)
R 0x4001c0 line(# 0x10010004)
I 0x4001c4 (line # 0xc10005a)
I 0x400168 (line # 0x27bdffd8)
I 0x40016c (line # 0xafbf0024)
W 0x40016c line(# 0x4001cc)
I 0x400170 (line # 0xafbe0020)
W 0x400170 line(# 0x7fffef34)
I 0x400174 (line # 0x1df021)
I 0x400178 (line # 0xafc40028)
W 0x400178 line(# 0x10010004)
I 0x40017c (line # 0xafc5002c)
W 0x40017c line(# 0x1)
I 0x400180 (line # 0xafc60030)
W 0x400180 line(# 0x1)
I 0x400184 (line # 0x8fc3002c)
R 0x400184 line(# 0x1)
I 0x400188 (line # 0x8fc20030)
R 0x400188 line(# 0x1)
I 0x40018c (line # 0x62102a)
I 0x400190 (line # 0x10400015)
I 0x4001e8 (line # 0x1ee821)
I 0x4001ec (line # 0x8fbf0024)
R 0x4001ec line(# 0x4001cc)
I 0x4001f0 (line # 0x8fbe0020)
R 0x4001f0 line(# 0x7fffef34)
I 0x4001f4 (line # 0x27bd0028)
I 0x4001f8 (line # 0x3e00008)
I 0x4001cc (line # 0x8fc20018)
R 0x4001cc line(# 0x2)
I 0x4001d0 (line # 0x24420001)
I 0x4001d4 (line # 0x8fc60030)
R 0x4001d4 line(# 0x2)
I 0x4001d8 (line # 0x22821)
I 0x4001dc (line # 0x8fc40028)
R 0x4001dc line(# 0x10010004)
I 0x4001e0 (line # 0xc10005a)
I 0x400168 (line # 0x27bdffd8)
I 0x40016c (line # 0xafbf0024)
W 0x40016c line(# 0x4001e8)
I 0x400170 (line # 0xafbe0020)
W 0x400170 line(# 0x7fffef34)
I 0x400174 (line # 0x1df021)
I 0x400178 (line # 0xafc40028)
W 0x400178 line(# 0x10010004)
I 0x40017c (line # 0xafc5002c)
W 0x40017c line(# 0x3)
I 0x400180 (line # 0xafc60030)
W 0x400180 line(# 0x2)
I 0x400184 (line # 0x8fc3002c)
R 0x400184 line(# 0x3)
I 0x400188 (line # 0x8fc20030)
R 0x400188 line(# 0x2)
I 0x40018c (line # 0x62102a)
I 0x400190 (line # 0x10400015)
I 0x4001e8 (line # 0x1ee821)
I 0x4001ec (line # 0x8fbf0024)
R 0x4001ec line(# 0x4001e8)
I 0x4001f0 (line # 0x8fbe0020)
R 0x4001f0 line(# 0x7fffef34)
I 0x4001f4 (line # 0x27bd0028)
I 0x4001f8 (line # 0x3e00008)
I 0x4001e8 (line # 0x1ee821)
I 0x4001ec (line # 0x8fbf0024)
R 0x4001ec line(# 0x4001e8)
I 0x4001f0 (line # 0x8fbe0020)
R 0x4001f0 line(# 0x7fffef5c)
I 0x4001f4 (line # 0x27bd0028)
I 0x4001f8 (line # 0x3e00008)
I 0x4001e8 (line # 0x1ee821)
I 0x4001ec (line # 0x8fbf0024)
R 0x4001ec line(# 0x4001cc)
I 0x4001f0 (line # 0x8fbe0020)
R 0x4001f0 line(# 0x7fffef84)
I 0x4001f4 (line # 0x27bd0028)
I 0x4001f8 (line # 0x3e00008)
I 0x4001cc (line # 0x8fc20018)
R 0x4001cc line(# 0x3)
I 0x4001d0 (line # 0x24420001)
I 0x4001d4 (line # 0x8fc60030)
R 0x4001d4 line(# 0x5)
I 0x4001d8 (line # 0x22821)
I 0x4001dc (line # 0x8fc40028)
R 0x4001dc line(# 0x10010004)
I 0x4001e0 (line # 0xc10005a)
I 0x400168 (line # 0x27bdffd8)
I 0x40016c (line # 0xafbf0024)
W 0x40016c line(# 0x4001e8)
I 0x400170 (line # 0xafbe0020)
W 0x400170 line(# 0x7fffef84)
I 0x400174 (line # 0x1df021)
I 0x400178 (line # 0xafc40028)
W 0x400178 line(# 0x10010004)
I 0x40017c (line # 0xafc5002c)
W 0x40017c line(# 0x4)
I 0x400180 (line # 0xafc60030)
W 0x400180 line(# 0x5)
I 0x400184 (line # 0x8fc3002c)
R 0x400184 line(# 0x4)
I 0x400188 (line # 0x8fc20030)
R 0x400188 line(# 0x5)
I 0x40018c (line # 0x62102a)
I 0x400190 (line # 0x10400015)
I 0x400194 (line # 0x0)
I 0x400198 (line # 0x8fc60030)
R 0x400198 line(# 0x5)
I 0x40019c (line # 0x8fc5002c)
R 0x40019c line(# 0x4)
I 0x4001a0 (line # 0x8fc40028)
R 0x4001a0 line(# 0x10010004)
I 0x4001a4 (line # 0xc100002)
I 0x400008 (line # 0x27bdffe0)
I 0x40000c (line # 0xafbe001c)
W 0x40000c line(# 0x7fffef5c)
I 0x400010 (line # 0x1df021)
I 0x400014 (line # 0xafc40020)
W 0x400014 line(# 0x10010004)
I 0x400018 (line # 0xafc50024)
W 0x400018 line(# 0x4)
I 0x40001c (line # 0xafc60028)
W 0x40001c line(# 0x5)
I 0x400020 (line # 0x8fc20028)
R 0x400020 line(# 0x5)
I 0x400024 (line # 0x21080)
I 0x400028 (line # 0x8fc30020)
R 0x400028 line(# 0x10010004)
I 0x40002c (line # 0x621021)
I 0x400030 (line # 0x8c420000)
R 0x400030 line(# 0x4)
I 0x400034 (line # 0xafc20010)
W 0x400034 line(# 0x4)
I 0x400038 (line # 0x8fc20024)
R 0x400038 line(# 0x4)
I 0x40003c (line # 0xafc20008)
W 0x40003c line(# 0x4)
I 0x400040 (line # 0x8fc20024)
R 0x400040 line(# 0x4)
I 0x400044 (line # 0xafc2000c)
W 0x400044 line(# 0x4)
I 0x400048 (line # 0x10000026)
I 0x4000e4 (line # 0x8fc3000c)
R 0x4000e4 line(# 0x4)
I 0x4000e8 (line # 0x8fc20028)
R 0x4000e8 line(# 0x5)
I 0x4000ec (line # 0x62102a)
I 0x4000f0 (line # 0x1440ffd7)
I 0x400050 (line # 0x8fc2000c)
R 0x400050 line(# 0x4)
I 0x400054 (line # 0x21080)
I 0x400058 (line # 0x8fc30020)
R 0x400058 line(# 0x10010004)
I 0x40005c (line # 0x621021)
I 0x400060 (line # 0x8c430000)
R 0x400060 line(# 0x5)
I 0x400064 (line # 0x8fc20010)
R 0x400064 line(# 0x4)
I 0x400068 (line # 0x43102a)
I 0x40006c (line # 0x1440001a)
I 0x4000d8 (line # 0x8fc2000c)
R 0x4000d8 line(# 0x4)
I 0x4000dc (line # 0x24420001)
I 0x4000e0 (line # 0xafc2000c)
W 0x4000e0 line(# 0x5)
I 0x4000e4 (line # 0x8fc3000c)
R 0x4000e4 line(# 0x5)
I 0x4000e8 (line # 0x8fc20028)
R 0x4000e8 line(# 0x5)
I 0x4000ec (line # 0x62102a)
I 0x4000f0 (line # 0x1440ffd7)
I 0x4000f4 (line # 0x0)
I 0x4000f8 (line # 0x8fc20008)
R 0x4000f8 line(# 0x4)
I 0x4000fc (line # 0x21080)
I 0x400100 (line # 0x8fc30020)
R 0x400100 line(# 0x10010004)
I 0x400104 (line # 0x621021)
I 0x400108 (line # 0x8c420000)
R 0x400108 line(# 0x5)
I 0x40010c (line # 0xafc20014)
W 0x40010c line(# 0x5)
I 0x400110 (line # 0x8fc20008)
R 0x400110 line(# 0x4)
I 0x400114 (line # 0x21080)
I 0x400118 (line # 0x8fc30020)
R 0x400118 line(# 0x10010004)
I 0x40011c (line # 0x621021)
I 0x400120 (line # 0x8fc30028)
R 0x400120 line(# 0x5)
I 0x400124 (line # 0x31880)
I 0x400128 (line # 0x8fc40020)
R 0x400128 line(# 0x10010004)
I 0x40012c (line # 0x831821)
I 0x400130 (line # 0x8c630000)
R 0x400130 line(# 0x4)
I 0x400134 (line # 0xac430000)
W 0x400134 line(# 0x4)
I 0x400138 (line # 0x8fc20028)
R 0x400138 line(# 0x5)
I 0x40013c (line # 0x21080)
I 0x400140 (line # 0x8fc30020)
R 0x400140 line(# 0x10010004)
I 0x400144 (line # 0x621021)
I 0x400148 (line # 0x8fc30014)
R 0x400148 line(# 0x5)
I 0x40014c (line # 0xac430000)
W 0x40014c line(# 0x5)
I 0x400150 (line # 0x8fc20008)
R 0x400150 line(# 0x4)
I 0x400154 (line # 0x1ee821)
I 0x400158 (line # 0x8fbe001c)
R 0x400158 line(# 0x7fffef5c)
I 0x40015c (line # 0x27bd0020)
I 0x400160 (line # 0x3e00008)
I 0x4001ac (line # 0xafc20018)
W 0x4001ac line(# 0x4)
I 0x4001b0 (line # 0x8fc20018)
R 0x4001b0 line(# 0x4)
I 0x4001b4 (line # 0x2442ffff)
I 0x4001b8 (line # 0x23021)
I 0x4001bc (line # 0x8fc5002c)
R 0x4001bc line(# 0x4)
I 0x4001c0 (line # 0x8fc40028)
R 0x4001c0 line(# 0x10010004)
I 0x4001c4 (line # 0xc10005a)
I 0x400168 (line # 0x27bdffd8)
I 0x40016c (line # 0xafbf0024)
W 0x40016c line(# 0x4001cc)
I 0x400170 (line # 0xafbe0020)
W 0x400170 line(# 0x7fffef5c)
I 0x400174 (line # 0x1df021)
I 0x400178 (line # 0xafc40028)
W 0x400178 line(# 0x10010004)
I 0x40017c (line # 0xafc5002c)
W 0x40017c line(# 0x4)
I 0x400180 (line # 0xafc60030)
W 0x400180 line(# 0x3)
I 0x400184 (line # 0x8fc3002c)
R 0x400184 line(# 0x4)
I 0x400188 (line # 0x8fc20030)
R 0x400188 line(# 0x3)
I 0x40018c (line # 0x62102a)
I 0x400190 (line # 0x10400015)
I 0x4001e8 (line # 0x1ee821)
I 0x4001ec (line # 0x8fbf0024)
R 0x4001ec line(# 0x4001cc)
I 0x4001f0 (line # 0x8fbe0020)
R 0x4001f0 line(# 0x7fffef5c)
I 0x4001f4 (line # 0x27bd0028)
I 0x4001f8 (line # 0x3e00008)
I 0x4001cc (line # 0x8fc20018)
R 0x4001cc line(# 0x4)
I 0x4001d0 (line # 0x24420001)
I 0x4001d4 (line # 0x8fc60030)
R 0x4001d4 line(# 0x5)
I 0x4001d8 (line # 0x22821)
I 0x4001dc (line # 0x8fc40028)
R 0x4001dc line(# 0x10010004)
I 0x4001e0 (line # 0xc10005a)
I 0x400168 (line # 0x27bdffd8)
I 0x40016c (line # 0xafbf0024)
W 0x40016c line(# 0x4001e8)
I 0x400170 (line # 0xafbe0020)
W 0x400170 line(# 0x7fffef5c)
I 0x400174 (line # 0x1df021)
I 0x400178 (line # 0xafc40028)
W 0x400178 line(# 0x10010004)
I 0x40017c (line # 0xafc5002c)
W 0x40017c line(# 0x5)
I 0x400180 (line # 0xafc60030)
W 0x400180 line(# 0x5)
I 0x400184 (line # 0x8fc3002c)
R 0x400184 line(# 0x5)
I 0x400188 (line # 0x8fc20030)
R 0x400188 line(# 0x5)
I 0x40018c (line # 0x62102a)
I 0x400190 (line # 0x10400015)
I 0x4001e8 (line # 0x1ee821)
I 0x4001ec (line # 0x8fbf0024)
R 0x4001ec line(# 0x4001e8)
I 0x4001f0 (line # 0x8fbe0020)
R 0x4001f0 line(# 0x7fffef5c)
I 0x4001f4 (line # 0x27bd0028)
I 0x4001f8 (line # 0x3e00008)
I 0x4001e8 (line # 0x1ee821)
I 0x4001ec (line # 0x8fbf0024)
R 0x4001ec line(# 0x4001e8)
I 0x4001f0 (line # 0x8fbe0020)
R 0x4001f0 line(# 0x7fffef84)
I 0x4001f4 (line # 0x27bd0028)
I 0x4001f8 (line # 0x3e00008)
I 0x4001e8 (line # 0x1ee821)
I 0x4001ec (line # 0x8fbf0024)
R 0x4001ec line(# 0x4001cc)
I 0x4001f0 (line # 0x8fbe0020)
R 0x4001f0 line(# 0x7fffefac)
I 0x4001f4 (line # 0x27bd0028)
I 0x4001f8 (line # 0x3e00008)
I 0x4001cc (line # 0x8fc20018)
R 0x4001cc line(# 0x6)
I 0x4001d0 (line # 0x24420001)
I 0x4001d4 (line # 0x8fc60030)
R 0x4001d4 line(# 0x9)
I 0x4001d8 (line # 0x22821)
I 0x4001dc (line # 0x8fc40028)
R 0x4001dc line(# 0x10010004)
I 0x4001e0 (line # 0xc10005a)
I 0x400168 (line # 0x27bdffd8)
I 0x40016c (line # 0xafbf0024)
W 0x40016c line(# 0x4001e8)
I 0x400170 (line # 0xafbe0020)
W 0x400170 line(# 0x7fffefac)
I 0x400174 (line # 0x1df021)
I 0x400178 (line # 0xafc40028)
W 0x400178 line(# 0x10010004)
I 0x40017c (line # 0xafc5002c)
W 0x40017c line(# 0x7)
I 0x400180 (line # 0xafc60030)
W 0x400180 line(# 0x9)
I 0x400184 (line # 0x8fc3002c)
R 0x400184 line(# 0x7)
I 0x400188 (line # 0x8fc20030)
R 0x400188 line(# 0x9)
I 0x40018c (line # 0x62102a)
I 0x400190 (line # 0x10400015)
I 0x400194 (line # 0x0)
I 0x400198 (line # 0x8fc60030)
R 0x400198 line(# 0x9)
I 0x40019c (line # 0x8fc5002c)
R 0x40019c line(# 0x7)
I 0x4001a0 (line # 0x8fc40028)
R 0x4001a0 line(# 0x10010004)
I 0x4001a4 (line # 0xc100002)
I 0x400008 (line # 0x27bdffe0)
I 0x40000c (line # 0xafbe001c)
W 0x40000c line(# 0x7fffef84)
I 0x400010 (line # 0x1df021)
I 0x400014 (line # 0xafc40020)
W 0x400014 line(# 0x10010004)
I 0x400018 (line # 0xafc50024)
W 0x400018 line(# 0x7)
I 0x40001c (line # 0xafc60028)
W 0x40001c line(# 0x9)
I 0x400020 (line # 0x8fc20028)
R 0x400020 line(# 0x9)
I 0x400024 (line # 0x21080)
I 0x400028 (line # 0x8fc30020)
R 0x400028 line(# 0x10010004)
I 0x40002c (line # 0x621021)
I 0x400030 (line # 0x8c420000)
R 0x400030 line(# 0x9)
I 0x400034 (line # 0xafc20010)
W 0x400034 line(# 0x9)
I 0x400038 (line # 0x8fc20024)
R 0x400038 line(# 0x7)
I 0x40003c (line # 0xafc20008)
W 0x40003c line(# 0x7)
I 0x400040 (line # 0x8fc20024)
R 0x400040 line(# 0x7)
I 0x400044 (line # 0xafc2000c)
W 0x400044 line(# 0x7)
I 0x400048 (line # 0x10000026)
I 0x4000e4 (line # 0x8fc3000c)
R 0x4000e4 line(# 0x7)
I 0x4000e8 (line # 0x8fc20028)
R 0x4000e8 line(# 0x9)
I 0x4000ec (line # 0x62102a)
I 0x4000f0 (line # 0x1440ffd7)
I 0x400050 (line # 0x8fc2000c)
R 0x400050 line(# 0x7)
I 0x400054 (line # 0x21080)
I 0x400058 (line # 0x8fc30020)
R 0x400058 line(# 0x10010004)
I 0x40005c (line # 0x621021)
I 0x400060 (line # 0x8c430000)
R 0x400060 line(# 0x7)
I 0x400064 (line # 0x8fc20010)
R 0x400064 line(# 0x9)
I 0x400068 (line # 0x43102a)
I 0x40006c (line # 0x1440001a)
I 0x400070 (line # 0x0)
I 0x400074 (line # 0x8fc20008)
R 0x400074 line(# 0x7)
I 0x400078 (line # 0x21080)
I 0x40007c (line # 0x8fc30020)
R 0x40007c line(# 0x10010004)
I 0x400080 (line # 0x621021)
I 0x400084 (line # 0x8c420000)
R 0x400084 line(# 0x7)
I 0x400088 (line # 0xafc20014)
W 0x400088 line(# 0x7)
I 0x40008c (line # 0x8fc20008)
R 0x40008c line(# 0x7)
I 0x400090 (line # 0x21080)
I 0x400094 (line # 0x8fc30020)
R 0x400094 line(# 0x10010004)
I 0x400098 (line # 0x621021)
I 0x40009c (line # 0x8fc3000c)
R 0x40009c line(# 0x7)
I 0x4000a0 (line # 0x31880)
I 0x4000a4 (line # 0x8fc40020)
R 0x4000a4 line(# 0x10010004)
I 0x4000a8 (line # 0x831821)
I 0x4000ac (line # 0x8c630000)
R 0x4000ac line(# 0x7)
I 0x4000b0 (line # 0xac430000)
W 0x4000b0 line(# 0x7)
I 0x4000b4 (line # 0x8fc2000c)
R 0x4000b4 line(# 0x7)
I 0x4000b8 (line # 0x21080)
I 0x4000bc (line # 0x8fc30020)
R 0x4000bc line(# 0x10010004)
I 0x4000c0 (line # 0x621021)
I 0x4000c4 (line # 0x8fc30014)
R 0x4000c4 line(# 0x7)
I 0x4000c8 (line # 0xac430000)
W 0x4000c8 line(# 0x7)
I 0x4000cc (line # 0x8fc20008)
R 0x4000cc line(# 0x7)
I 0x4000d0 (line # 0x24420001)
I 0x4000d4 (line # 0xafc20008)
W 0x4000d4 line(# 0x8)
I 0x4000d8 (line # 0x8fc2000c)
R 0x4000d8 line(# 0x7)
I 0x4000dc (line # 0x24420001)
I 0x4000e0 (line # 0xafc2000c)
W 0x4000e0 line(# 0x8)
I 0x4000e4 (line # 0x8fc3000c)
R 0x4000e4 line(# 0x8)
I 0x4000e8 (line # 0x8fc20028)
R 0x4000e8 line(# 0x9)
I 0x4000ec (line # 0x62102a)
I 0x4000f0 (line # 0x1440ffd7)
I 0x400050 (line # 0x8fc2000c)
R 0x400050 line(# 0x8)
I 0x400054 (line # 0x21080)
I 0x400058 (line # 0x8fc30020)
R 0x400058 line(# 0x10010004)
I 0x40005c (line # 0x621021)
I 0x400060 (line # 0x8c430000)
R 0x400060 line(# 0x8)
I 0x400064 (line # 0x8fc20010)
R 0x400064 line(# 0x9)
I 0x400068 (line # 0x43102a)
I 0x40006c (line # 0x1440001a)
I 0x400070 (line # 0x0)
I 0x400074 (line # 0x8fc20008)
R 0x400074 line(# 0x8)
I 0x400078 (line # 0x21080)
I 0x40007c (line # 0x8fc30020)
R 0x40007c line(# 0x10010004)
I 0x400080 (line # 0x621021)
I 0x400084 (line # 0x8c420000)
R 0x400084 line(# 0x8)
I 0x400088 (line # 0xafc20014)
W 0x400088 line(# 0x8)
I 0x40008c (line # 0x8fc20008)
R 0x40008c line(# 0x8)
I 0x400090 (line # 0x21080)
I 0x400094 (line # 0x8fc30020)
R 0x400094 line(# 0x10010004)
I 0x400098 (line # 0x621021)
I 0x40009c (line # 0x8fc3000c)
R 0x40009c line(# 0x8)
I 0x4000a0 (line # 0x31880)
I 0x4000a4 (line # 0x8fc40020)
R 0x4000a4 line(# 0x10010004)
I 0x4000a8 (line # 0x831821)
I 0x4000ac (line # 0x8c630000)
R 0x4000ac line(# 0x8)
I 0x4000b0 (line # 0xac430000)
W 0x4000b0 line(# 0x8)
I 0x4000b4 (line # 0x8fc2000c)
R 0x4000b4 line(# 0x8)
I 0x4000b8 (line # 0x21080)
I 0x4000bc (line # 0x8fc30020)
R 0x4000bc line(# 0x10010004)
I 0x4000c0 (line # 0x621021)
I 0x4000c4 (line # 0x8fc30014)
R 0x4000c4 line(# 0x8)
I 0x4000c8 (line # 0xac430000)
W 0x4000c8 line(# 0x8)
I 0x4000cc (line # 0x8fc20008)
R 0x4000cc line(# 0x8)
I 0x4000d0 (line # 0x24420001)
I 0x4000d4 (line # 0xafc20008)
W 0x4000d4 line(# 0x9)
I 0x4000d8 (line # 0x8fc2000c)
R 0x4000d8 line(# 0x8)
I 0x4000dc (line # 0x24420001)
I 0x4000e0 (line # 0xafc2000c)
W 0x4000e0 line(# 0x9)
I 0x4000e4 (line # 0x8fc3000c)
R 0x4000e4 line(# 0x9)
I 0x4000e8 (line # 0x8fc20028)
R 0x4000e8 line(# 0x9)
I 0x4000ec (line # 0x62102a)
I 0x4000f0 (line # 0x1440ffd7)
I 0x4000f4 (line # 0x0)
I 0x4000f8 (line # 0x8fc20008)
R 0x4000f8 line(# 0x9)
I 0x4000fc (line # 0x21080)
I 0x400100 (line # 0x8fc30020)
R 0x400100 line(# 0x10010004)
I 0x400104 (line # 0x621021)
I 0x400108 (line # 0x8c420000)
R 0x400108 line(# 0x9)
I 0x40010c (line # 0xafc20014)
W 0x40010c line(# 0x9)
I 0x400110 (line # 0x8fc20008)
R 0x400110 line(# 0x9)
I 0x400114 (line # 0x21080)
I 0x400118 (line # 0x8fc30020)
R 0x400118 line(# 0x10010004)
I 0x40011c (line # 0x621021)
I 0x400120 (line # 0x8fc30028)
R 0x400120 line(# 0x9)
I 0x400124 (line # 0x31880)
I 0x400128 (line # 0x8fc40020)
R 0x400128 line(# 0x10010004)
I 0x40012c (line # 0x831821)
I 0x400130 (line # 0x8c630000)
R 0x400130 line(# 0x9)
I 0x400134 (line # 0xac430000)
W 0x400134 line(# 0x9)
I 0x400138 (line # 0x8fc20028)
R 0x400138 line(# 0x9)
I 0x40013c (line # 0x21080)
I 0x400140 (line # 0x8fc30020)
R 0x400140 line(# 0x10010004)
I 0x400144 (line # 0x621021)
I 0x400148 (line # 0x8fc30014)
R 0x400148 line(# 0x9)
I 0x40014c (line # 0xac430000)
W 0x40014c line(# 0x9)
I 0x400150 (line # 0x8fc20008)
R 0x400150 line(# 0x9)
I 0x400154 (line # 0x1ee821)
I 0x400158 (line # 0x8fbe001c)
R 0x400158 line(# 0x7fffef84)
I 0x40015c (line # 0x27bd0020)
I 0x400160 (line # 0x3e00008)
I 0x4001ac (line # 0xafc20018)
W 0x4001ac line(# 0x9)
I 0x4001b0 (line # 0x8fc20018)
R 0x4001b0 line(# 0x9)
I 0x4001b4 (line # 0x2442ffff)
I 0x4001b8 (line # 0x23021)
I 0x4001bc (line # 0x8fc5002c)
R 0x4001bc line(# 0x7)
I 0x4001c0 (line # 0x8fc40028)
R 0x4001c0 line(# 0x10010004)
I 0x4001c4 (line # 0xc10005a)
I 0x400168 (line # 0x27bdffd8)
I 0x40016c (line # 0xafbf0024)
W 0x40016c line(# 0x4001cc)
I 0x400170 (line # 0xafbe0020)
W 0x400170 line(# 0x7fffef84)
I 0x400174 (line # 0x1df021)
I 0x400178 (line # 0xafc40028)
W 0x400178 line(# 0x10010004)
I 0x40017c (line # 0xafc5002c)
W 0x40017c line(# 0x7)
I 0x400180 (line # 0xafc60030)
W 0x400180 line(# 0x8)
I 0x400184 (line # 0x8fc3002c)
R 0x400184 line(# 0x7)
I 0x400188 (line # 0x8fc20030)
R 0x400188 line(# 0x8)
I 0x40018c (line # 0x62102a)
I 0x400190 (line # 0x10400015)
I 0x400194 (line # 0x0)
I 0x400198 (line # 0x8fc60030)
R 0x400198 line(# 0x8)
I 0x40019c (line # 0x8fc5002c)
R 0x40019c line(# 0x7)
I 0x4001a0 (line # 0x8fc40028)
R 0x4001a0 line(# 0x10010004)
I 0x4001a4 (line # 0xc100002)
I 0x400008 (line # 0x27bdffe0)
I 0x40000c (line # 0xafbe001c)
W 0x40000c line(# 0x7fffef5c)
I 0x400010 (line # 0x1df021)
I 0x400014 (line # 0xafc40020)
W 0x400014 line(# 0x10010004)
I 0x400018 (line # 0xafc50024)
W 0x400018 line(# 0x7)
I 0x40001c (line # 0xafc60028)
W 0x40001c line(# 0x8)
I 0x400020 (line # 0x8fc20028)
R 0x400020 line(# 0x8)
I 0x400024 (line # 0x21080)
I 0x400028 (line # 0x8fc30020)
R 0x400028 line(# 0x10010004)
I 0x40002c (line # 0x621021)
I 0x400030 (line # 0x8c420000)
R 0x400030 line(# 0x8)
I 0x400034 (line # 0xafc20010)
W 0x400034 line(# 0x8)
I 0x400038 (line # 0x8fc20024)
R 0x400038 line(# 0x7)
I 0x40003c (line # 0xafc20008)
W 0x40003c line(# 0x7)
I 0x400040 (line # 0x8fc20024)
R 0x400040 line(# 0x7)
I 0x400044 (line # 0xafc2000c)
W 0x400044 line(# 0x7)
I 0x400048 (line # 0x10000026)
I 0x4000e4 (line # 0x8fc3000c)
R 0x4000e4 line(# 0x7)
I 0x4000e8 (line # 0x8fc20028)
R 0x4000e8 line(# 0x8)
I 0x4000ec (line # 0x62102a)
I 0x4000f0 (line # 0x1440ffd7)
I 0x400050 (line # 0x8fc2000c)
R 0x400050 line(# 0x7)
I 0x400054 (line # 0x21080)
I 0x400058 (line # 0x8fc30020)
R 0x400058 line(# 0x10010004)
I 0x40005c (line # 0x621021)
I 0x400060 (line # 0x8c430000)
R 0x400060 line(# 0x7)
I 0x400064 (line # 0x8fc20010)
R 0x400064 line(# 0x8)
I 0x400068 (line # 0x43102a)
I 0x40006c (line # 0x1440001a)
I 0x400070 (line # 0x0)
I 0x400074 (line # 0x8fc20008)
R 0x400074 line(# 0x7)
I 0x400078 (line # 0x21080)
I 0x40007c (line # 0x8fc30020)
R 0x40007c line(# 0x10010004)
I 0x400080 (line # 0x621021)
I 0x400084 (line # 0x8c420000)
R 0x400084 line(# 0x7)
I 0x400088 (line # 0xafc20014)
W 0x400088 line(# 0x7)
I 0x40008c (line # 0x8fc20008)
R 0x40008c line(# 0x7)
I 0x400090 (line # 0x21080)
I 0x400094 (line # 0x8fc30020)
R 0x400094 line(# 0x10010004)
I 0x400098 (line # 0x621021)
I 0x40009c (line # 0x8fc3000c)
R 0x40009c line(# 0x7)
I 0x4000a0 (line # 0x31880)
I 0x4000a4 (line # 0x8fc40020)
R 0x4000a4 line(# 0x10010004)
I 0x4000a8 (line # 0x831821)
I 0x4000ac (line # 0x8c630000)
R 0x4000ac line(# 0x7)
I 0x4000b0 (line # 0xac430000)
W 0x4000b0 line(# 0x7)
I 0x4000b4 (line # 0x8fc2000c)
R 0x4000b4 line(# 0x7)
I 0x4000b8 (line # 0x21080)
I 0x4000bc (line # 0x8fc30020)
R 0x4000bc line(# 0x10010004)
I 0x4000c0 (line # 0x621021)
I 0x4000c4 (line # 0x8fc30014)
R 0x4000c4 line(# 0x7)
I 0x4000c8 (line # 0xac430000)
W 0x4000c8 line(# 0x7)
I 0x4000cc (line # 0x8fc20008)
R 0x4000cc line(# 0x7)
I 0x4000d0 (line # 0x24420001)
I 0x4000d4 (line # 0xafc20008)
W 0x4000d4 line(# 0x8)
I 0x4000d8 (line # 0x8fc2000c)
R 0x4000d8 line(# 0x7)
I 0x4000dc (line # 0x24420001)
I 0x4000e0 (line # 0xafc2000c)
W 0x4000e0 line(# 0x8)
I 0x4000e4 (line # 0x8fc3000c)
R 0x4000e4 line(# 0x8)
I 0x4000e8 (line # 0x8fc20028)
R 0x4000e8 line(# 0x8)
I 0x4000ec (line # 0x62102a)
I 0x4000f0 (line # 0x1440ffd7)
I 0x4000f4 (line # 0x0)
I 0x4000f8 (line # 0x8fc20008)
R 0x4000f8 line(# 0x8)
I 0x4000fc (line # 0x21080)
I 0x400100 (line # 0x8fc30020)
R 0x400100 line(# 0x10010004)
I 0x400104 (line # 0x621021)
I 0x400108 (line # 0x8c420000)
R 0x400108 line(# 0x8)
I 0x40010c (line # 0xafc20014)
W 0x40010c line(# 0x8)
I 0x400110 (line # 0x8fc20008)
R 0x400110 line(# 0x8)
I 0x400114 (line # 0x21080)
I 0x400118 (line # 0x8fc30020)
R 0x400118 line(# 0x10010004)
I 0x40011c (line # 0x621021)
I 0x400120 (line # 0x8fc30028)
R 0x400120 line(# 0x8)
I 0x400124 (line # 0x31880)
I 0x400128 (line # 0x8fc40020)
R 0x400128 line(# 0x10010004)
I 0x40012c (line # 0x831821)
I 0x400130 (line # 0x8c630000)
R 0x400130 line(# 0x8)
I 0x400134 (line # 0xac430000)
W 0x400134 line(# 0x8)
I 0x400138 (line # 0x8fc20028)
R 0x400138 line(# 0x8)
I 0x40013c (line # 0x21080)
I 0x400140 (line # 0x8fc30020)
R 0x400140 line(# 0x10010004)
I 0x400144 (line # 0x621021)
I 0x400148 (line # 0x8fc30014)
R 0x400148 line(# 0x8)
I 0x40014c (line # 0xac430000)
W 0x40014c line(# 0x8)
I 0x400150 (line # 0x8fc20008)
R 0x400150 line(# 0x8)
I 0x400154 (line # 0x1ee821)
I 0x400158 (line # 0x8fbe001c)
R 0x400158 line(# 0x7fffef5c)
I 0x40015c (line # 0x27bd0020)
I 0x400160 (line # 0x3e00008)
I 0x4001ac (line # 0xafc20018)
W 0x4001ac line(# 0x8)
I 0x4001b0 (line # 0x8fc20018)
R 0x4001b0 line(# 0x8)
I 0x4001b4 (line # 0x2442ffff)
I 0x4001b8 (line # 0x23021)
I 0x4001bc (line # 0x8fc5002c)
R 0x4001bc line(# 0x7)
I 0x4001c0 (line # 0x8fc40028)
R 0x4001c0 line(# 0x10010004)
I 0x4001c4 (line # 0xc10005a)
I 0x400168 (line # 0x27bdffd8)
I 0x40016c (line # 0xafbf0024)
W 0x40016c line(# 0x4001cc)
I 0x400170 (line # 0xafbe0020)
W 0x400170 line(# 0x7fffef5c)
I 0x400174 (line # 0x1df021)
I 0x400178 (line # 0xafc40028)
W 0x400178 line(# 0x10010004)
I 0x40017c (line # 0xafc5002c)
W 0x40017c line(# 0x7)
I 0x400180 (line # 0xafc60030)
W 0x400180 line(# 0x7)
I 0x400184 (line # 0x8fc3002c)
R 0x400184 line(# 0x7)
I 0x400188 (line # 0x8fc20030)
R 0x400188 line(# 0x7)
I 0x40018c (line # 0x62102a)
I 0x400190 (line # 0x10400015)
I 0x4001e8 (line # 0x1ee821)
I 0x4001ec (line # 0x8fbf0024)
R 0x4001ec line(# 0x4001cc)
I 0x4001f0 (line # 0x8fbe0020)
R 0x4001f0 line(# 0x7fffef5c)
I 0x4001f4 (line # 0x27bd0028)
I 0x4001f8 (line # 0x3e00008)
I 0x4001cc (line # 0x8fc20018)
R 0x4001cc line(# 0x8)
I 0x4001d0 (line # 0x24420001)
I 0x4001d4 (line # 0x8fc60030)
R 0x4001d4 line(# 0x8)
I 0x4001d8 (line # 0x22821)
I 0x4001dc (line # 0x8fc40028)
R 0x4001dc line(# 0x10010004)
I 0x4001e0 (line # 0xc10005a)
I 0x400168 (line # 0x27bdffd8)
I 0x40016c (line # 0xafbf0024)
W 0x40016c line(# 0x4001e8)
I 0x400170 (line # 0xafbe0020)
W 0x400170 line(# 0x7fffef5c)
I 0x400174 (line # 0x1df021)
I 0x400178 (line # 0xafc40028)
W 0x400178 line(# 0x10010004)
I 0x40017c (line # 0xafc5002c)
W 0x40017c line(# 0x9)
I 0x400180 (line # 0xafc60030)
W 0x400180 line(# 0x8)
I 0x400184 (line # 0x8fc3002c)
R 0x400184 line(# 0x9)
I 0x400188 (line # 0x8fc20030)
R 0x400188 line(# 0x8)
I 0x40018c (line # 0x62102a)
I 0x400190 (line # 0x10400015)
I 0x4001e8 (line # 0x1ee821)
I 0x4001ec (line # 0x8fbf0024)
R 0x4001ec line(# 0x4001e8)
I 0x4001f0 (line # 0x8fbe0020)
R 0x4001f0 line(# 0x7fffef5c)
I 0x4001f4 (line # 0x27bd0028)
I 0x4001f8 (line # 0x3e00008)
I 0x4001e8 (line # 0x1ee821)
I 0x4001ec (line # 0x8fbf0024)
R 0x4001ec line(# 0x4001cc)
I 0x4001f0 (line # 0x8fbe0020)
R 0x4001f0 line(# 0x7fffef84)
I 0x4001f4 (line # 0x27bd0028)
I 0x4001f8 (line # 0x3e00008)
I 0x4001cc (line # 0x8fc20018)
R 0x4001cc line(# 0x9)
I 0x4001d0 (line # 0x24420001)
I 0x4001d4 (line # 0x8fc60030)
R 0x4001d4 line(# 0x9)
I 0x4001d8 (line # 0x22821)
I 0x4001dc (line # 0x8fc40028)
R 0x4001dc line(# 0x10010004)
I 0x4001e0 (line # 0xc10005a)
I 0x400168 (line # 0x27bdffd8)
I 0x40016c (line # 0xafbf0024)
W 0x40016c line(# 0x4001e8)
I 0x400170 (line # 0xafbe0020)
W 0x400170 line(# 0x7fffef84)
I 0x400174 (line # 0x1df021)
I 0x400178 (line # 0xafc40028)
W 0x400178 line(# 0x10010004)
I 0x40017c (line # 0xafc5002c)
W 0x40017c line(# 0xa)
I 0x400180 (line # 0xafc60030)
W 0x400180 line(# 0x9)
I 0x400184 (line # 0x8fc3002c)
R 0x400184 line(# 0xa)
I 0x400188 (line # 0x8fc20030)
R 0x400188 line(# 0x9)
I 0x40018c (line # 0x62102a)
I 0x400190 (line # 0x10400015)
I 0x4001e8 (line # 0x1ee821)
I 0x4001ec (line # 0x8fbf0024)
R 0x4001ec line(# 0x4001e8)
I 0x4001f0 (line # 0x8fbe0020)
R 0x4001f0 line(# 0x7fffef84)
I 0x4001f4 (line # 0x27bd0028)
I 0x4001f8 (line # 0x3e00008)
I 0x4001e8 (line # 0x1ee821)
I 0x4001ec (line # 0x8fbf0024)
R 0x4001ec line(# 0x4001e8)
I 0x4001f0 (line # 0x8fbe0020)
R 0x4001f0 line(# 0x7fffefac)
I 0x4001f4 (line # 0x27bd0028)
I 0x4001f8 (line # 0x3e00008)
I 0x4001e8 (line # 0x1ee821)
I 0x4001ec (line # 0x8fbf0024)
R 0x4001ec line(# 0x4001cc)
I 0x4001f0 (line # 0x8fbe0020)
R 0x4001f0 line(# 0x7fffefd4)
I 0x4001f4 (line # 0x27bd0028)
I 0x4001f8 (line # 0x3e00008)
I 0x4001cc (line # 0x8fc20018)
R 0x4001cc line(# 0xa)
I 0x4001d0 (line # 0x24420001)
I 0x4001d4 (line # 0x8fc60030)
R 0x4001d4 line(# 0xa)
I 0x4001d8 (line # 0x22821)
I 0x4001dc (line # 0x8fc40028)
R 0x4001dc line(# 0x10010004)
I 0x4001e0 (line # 0xc10005a)
I 0x400168 (line # 0x27bdffd8)
I 0x40016c (line # 0xafbf0024)
W 0x40016c line(# 0x4001e8)
I 0x400170 (line # 0xafbe0020)
W 0x400170 line(# 0x7fffefd4)
I 0x400174 (line # 0x1df021)
I 0x400178 (line # 0xafc40028)
W 0x400178 line(# 0x10010004)
I 0x40017c (line # 0xafc5002c)
W 0x40017c line(# 0xb)
I 0x400180 (line # 0xafc60030)
W 0x400180 line(# 0xa)
I 0x400184 (line # 0x8fc3002c)
R 0x400184 line(# 0xb)
I 0x400188 (line # 0x8fc20030)
R 0x400188 line(# 0xa)
I 0x40018c (line # 0x62102a)
I 0x400190 (line # 0x10400015)
I 0x4001e8 (line # 0x1ee821)
I 0x4001ec (line # 0x8fbf0024)
R 0x4001ec line(# 0x4001e8)
I 0x4001f0 (line # 0x8fbe0020)
R 0x4001f0 line(# 0x7fffefd4)
I 0x4001f4 (line # 0x27bd0028)
I 0x4001f8 (line # 0x3e00008)
I 0x4001e8 (line # 0x1ee821)
I 0x4001ec (line # 0x8fbf0024)
R 0x4001ec line(# 0x400290)
I 0x4001f0 (line # 0x8fbe0020)
R 0x4001f0 line(# 0x0)
I 0x4001f4 (line # 0x27bd0028)
I 0x4001f8 (line # 0x3e00008)
I 0x400290 (line # 0x3c011001)
I 0x400294 (line # 0x3424003a)
I 0x400298 (line # 0x24020004)
I 0x40029c (line # 0xc)
I 0x4002a0 (line # 0xc100080)
I 0x400200 (line # 0x4021)
I 0x400204 (line # 0x3c011001)
I 0x400208 (line # 0x8c290000)
R 0x400208 line(# 0xa)
I 0x40020c (line # 0x3c011001)
I 0x400210 (line # 0x342b0004)
I 0x400214 (line # 0x86080)
I 0x400218 (line # 0x18b6020)
I 0x40021c (line # 0x8d840000)
R 0x40021c line(# 0x0)
I 0x400220 (line # 0x24020001)
I 0x400224 (line # 0xc)
I 0x400228 (line # 0x24040020)
I 0x40022c (line # 0x2402000b)
I 0x400230 (line # 0xc)
I 0x400234 (line # 0x21080001)
I 0x400238 (line # 0x11090003)
I 0x40023c (line # 0x0)
I 0x400240 (line # 0x8100085)
I 0x400214 (line # 0x86080)
I 0x400218 (line # 0x18b6020)
I 0x40021c (line # 0x8d840000)
R 0x40021c line(# 0x1)
I 0x400220 (line # 0x24020001)
I 0x400224 (line # 0xc)
I 0x400228 (line # 0x24040020)
I 0x40022c (line # 0x2402000b)
I 0x400230 (line # 0xc)
I 0x400234 (line # 0x21080001)
I 0x400238 (line # 0x11090003)
I 0x40023c (line # 0x0)
I 0x400240 (line # 0x8100085)
I 0x400214 (line # 0x86080)
I 0x400218 (line # 0x18b6020)
I 0x40021c (line # 0x8d840000)
R 0x40021c line(# 0x2)
I 0x400220 (line # 0x24020001)
I 0x400224 (line # 0xc)
I 0x400228 (line # 0x24040020)
I 0x40022c (line # 0x2402000b)
I 0x400230 (line # 0xc)
I 0x400234 (line # 0x21080001)
I 0x400238 (line # 0x11090003)
I 0x40023c (line # 0x0)
I 0x400240 (line # 0x8100085)
I 0x400214 (line # 0x86080)
I 0x400218 (line # 0x18b6020)
I 0x40021c (line # 0x8d840000)
R 0x40021c line(# 0x3)
I 0x400220 (line # 0x24020001)
I 0x400224 (line # 0xc)
I 0x400228 (line # 0x24040020)
I 0x40022c (line # 0x2402000b)
I 0x400230 (line # 0xc)
I 0x400234 (line # 0x21080001)
I 0x400238 (line # 0x11090003)
I 0x40023c (line # 0x0)
I 0x400240 (line # 0x8100085)
I 0x400214 (line # 0x86080)
I 0x400218 (line # 0x18b6020)
I 0x40021c (line # 0x8d840000)
R 0x40021c line(# 0x4)
I 0x400220 (line # 0x24020001)
I 0x400224 (line # 0xc)
I 0x400228 (line # 0x24040020)
I 0x40022c (line # 0x2402000b)
I 0x400230 (line # 0xc)
I 0x400234 (line # 0x21080001)
I 0x400238 (line # 0x11090003)
I 0x40023c (line # 0x0)
I 0x400240 (line # 0x8100085)
I 0x400214 (line # 0x86080)
I 0x400218 (line # 0x18b6020)
I 0x40021c (line # 0x8d840000)
R 0x40021c line(# 0x5)
I 0x400220 (line # 0x24020001)
I 0x400224 (line # 0xc)
I 0x400228 (line # 0x24040020)
I 0x40022c (line # 0x2402000b)
I 0x400230 (line # 0xc)
I 0x400234 (line # 0x21080001)
I 0x400238 (line # 0x11090003)
I 0x40023c (line # 0x0)
I 0x400240 (line # 0x8100085)
I 0x400214 (line # 0x86080)
I 0x400218 (line # 0x18b6020)
I 0x40021c (line # 0x8d840000)
R 0x40021c line(# 0x6)
I 0x400220 (line # 0x24020001)
I 0x400224 (line # 0xc)
I 0x400228 (line # 0x24040020)
I 0x40022c (line # 0x2402000b)
I 0x400230 (line # 0xc)
I 0x400234 (line # 0x21080001)
I 0x400238 (line # 0x11090003)
I 0x40023c (line # 0x0)
I 0x400240 (line # 0x8100085)
I 0x400214 (line # 0x86080)
I 0x400218 (line # 0x18b6020)
I 0x40021c (line # 0x8d840000)
R 0x40021c line(# 0x7)
I 0x400220 (line # 0x24020001)
I 0x400224 (line # 0xc)
I 0x400228 (line # 0x24040020)
I 0x40022c (line # 0x2402000b)
I 0x400230 (line # 0xc)
I 0x400234 (line # 0x21080001)
I 0x400238 (line # 0x11090003)
I 0x40023c (line # 0x0)
I 0x400240 (line # 0x8100085)
I 0x400214 (line # 0x86080)
I 0x400218 (line # 0x18b6020)
I 0x40021c (line # 0x8d840000)
R 0x40021c line(# 0x8)
I 0x400220 (line # 0x24020001)
I 0x400224 (line # 0xc)
I 0x400228 (line # 0x24040020)
I 0x40022c (line # 0x2402000b)
I 0x400230 (line # 0xc)
I 0x400234 (line # 0x21080001)
I 0x400238 (line # 0x11090003)
I 0x40023c (line # 0x0)
I 0x400240 (line # 0x8100085)
I 0x400214 (line # 0x86080)
I 0x400218 (line # 0x18b6020)
I 0x40021c (line # 0x8d840000)
R 0x40021c line(# 0x9)
I 0x400220 (line # 0x24020001)
I 0x400224 (line # 0xc)
I 0x400228 (line # 0x24040020)
I 0x40022c (line # 0x2402000b)
I 0x400230 (line # 0xc)
I 0x400234 (line # 0x21080001)
I 0x400238 (line # 0x11090003)
I 0x400248 (line # 0x3e00008)
I 0x4002a8 (line # 0x2404000a)
I 0x4002ac (line # 0x2402000b)
I 0x4002b0 (line # 0xc)
I 0x4002b4 (line # 0x2402000a)
I 0x4002b8 (line # 0xc)
