 mem load: 4194304 00001000000100000000000000001010
I 0x00400000 (line# 0x00400000)
 mem load: 4194308 00000000000000000000000000000000
I 0x00400000 (line# 0x00400004)
 mem load: 4194344 00001100000100000000000000000010
I 0x00400028 (line# 0x00400028)
 mem load: 4194348 00000000000000000000000000000000
I 0x00400028 (line# 0x0040002c)
 mem load: 4194312 00100000000000100000000000000001
I 0x00400008 (line# 0x00400008)
 mem load: 4194316 00111100000000010000000001000000
I 0x0040000c (line# 0x0040000c)
 mem load: 4194320 00110100001010000000000000001000
I 0x00400010 (line# 0x00400010)
 mem load: 4194324 10001101000010010000000000000000
I 0x00400014 (line# 0x00400014)
 mem load: 4194312 00100000000000100000000000000001
R 0x00400014 (line# 0x00400008)
 mem load: 4194328 00100001001010010000000000000001
I 0x00400018 (line# 0x00400018)
 mem load: 4194332 10101101000010010000000000000000
I 0x0040001c (line# 0x0040001c)
 mem store: 4194312 00100000000000100000000000000010
W 0x0040001c (line# 0x00400008)
 mem load: 4194336 00000011111000000000000000001000
I 0x00400020 (line# 0x00400020)
 mem load: 4194340 00000000000000000000000000000000
I 0x00400020 (line# 0x00400024)
 mem load: 4194352 00000000000000100010000000100001
I 0x00400030 (line# 0x00400030)
 mem load: 4194356 00100100000000100000000000000001
I 0x00400034 (line# 0x00400034)
 mem load: 4194360 00000000000000000000000000001100
I 0x00400038 (line# 0x00400038)
 mem load: 4194364 00101000100010000000000000001001
I 0x0040003c (line# 0x0040003c)
 mem load: 4194368 00010001000000000000000000000011
I 0x00400040 (line# 0x00400040)
 mem load: 4194372 00000000000000000000000000000000
I 0x00400044 (line# 0x00400044)
 mem load: 4194376 00001000000100000000000000001010
I 0x00400048 (line# 0x00400048)
 mem load: 4194380 00000000000000000000000000000000
I 0x00400048 (line# 0x0040004c)
 mem load: 4194344 00001100000100000000000000000010
I 0x00400028 (line# 0x00400028)
 mem load: 4194348 00000000000000000000000000000000
I 0x00400028 (line# 0x0040002c)
 mem load: 4194312 00100000000000100000000000000010
I 0x00400008 (line# 0x00400008)
 mem load: 4194316 00111100000000010000000001000000
I 0x0040000c (line# 0x0040000c)
 mem load: 4194320 00110100001010000000000000001000
I 0x00400010 (line# 0x00400010)
 mem load: 4194324 10001101000010010000000000000000
I 0x00400014 (line# 0x00400014)
 mem load: 4194312 00100000000000100000000000000010
R 0x00400014 (line# 0x00400008)
 mem load: 4194328 00100001001010010000000000000001
I 0x00400018 (line# 0x00400018)
 mem load: 4194332 10101101000010010000000000000000
I 0x0040001c (line# 0x0040001c)
 mem store: 4194312 00100000000000100000000000000011
W 0x0040001c (line# 0x00400008)
 mem load: 4194336 00000011111000000000000000001000
I 0x00400020 (line# 0x00400020)
 mem load: 4194340 00000000000000000000000000000000
I 0x00400020 (line# 0x00400024)
 mem load: 4194352 00000000000000100010000000100001
I 0x00400030 (line# 0x00400030)
 mem load: 4194356 00100100000000100000000000000001
I 0x00400034 (line# 0x00400034)
 mem load: 4194360 00000000000000000000000000001100
I 0x00400038 (line# 0x00400038)
 mem load: 4194364 00101000100010000000000000001001
I 0x0040003c (line# 0x0040003c)
 mem load: 4194368 00010001000000000000000000000011
I 0x00400040 (line# 0x00400040)
 mem load: 4194372 00000000000000000000000000000000
I 0x00400044 (line# 0x00400044)
 mem load: 4194376 00001000000100000000000000001010
I 0x00400048 (line# 0x00400048)
 mem load: 4194380 00000000000000000000000000000000
I 0x00400048 (line# 0x0040004c)
 mem load: 4194344 00001100000100000000000000000010
I 0x00400028 (line# 0x00400028)
 mem load: 4194348 00000000000000000000000000000000
I 0x00400028 (line# 0x0040002c)
 mem load: 4194312 00100000000000100000000000000011
I 0x00400008 (line# 0x00400008)
 mem load: 4194316 00111100000000010000000001000000
I 0x0040000c (line# 0x0040000c)
 mem load: 4194320 00110100001010000000000000001000
I 0x00400010 (line# 0x00400010)
 mem load: 4194324 10001101000010010000000000000000
I 0x00400014 (line# 0x00400014)
 mem load: 4194312 00100000000000100000000000000011
R 0x00400014 (line# 0x00400008)
 mem load: 4194328 00100001001010010000000000000001
I 0x00400018 (line# 0x00400018)
 mem load: 4194332 10101101000010010000000000000000
I 0x0040001c (line# 0x0040001c)
 mem store: 4194312 00100000000000100000000000000100
W 0x0040001c (line# 0x00400008)
 mem load: 4194336 00000011111000000000000000001000
I 0x00400020 (line# 0x00400020)
 mem load: 4194340 00000000000000000000000000000000
I 0x00400020 (line# 0x00400024)
 mem load: 4194352 00000000000000100010000000100001
I 0x00400030 (line# 0x00400030)
 mem load: 4194356 00100100000000100000000000000001
I 0x00400034 (line# 0x00400034)
 mem load: 4194360 00000000000000000000000000001100
I 0x00400038 (line# 0x00400038)
 mem load: 4194364 00101000100010000000000000001001
I 0x0040003c (line# 0x0040003c)
 mem load: 4194368 00010001000000000000000000000011
I 0x00400040 (line# 0x00400040)
 mem load: 4194372 00000000000000000000000000000000
I 0x00400044 (line# 0x00400044)
 mem load: 4194376 00001000000100000000000000001010
I 0x00400048 (line# 0x00400048)
 mem load: 4194380 00000000000000000000000000000000
I 0x00400048 (line# 0x0040004c)
 mem load: 4194344 00001100000100000000000000000010
I 0x00400028 (line# 0x00400028)
 mem load: 4194348 00000000000000000000000000000000
I 0x00400028 (line# 0x0040002c)
 mem load: 4194312 00100000000000100000000000000100
I 0x00400008 (line# 0x00400008)
 mem load: 4194316 00111100000000010000000001000000
I 0x0040000c (line# 0x0040000c)
 mem load: 4194320 00110100001010000000000000001000
I 0x00400010 (line# 0x00400010)
 mem load: 4194324 10001101000010010000000000000000
I 0x00400014 (line# 0x00400014)
 mem load: 4194312 00100000000000100000000000000100
R 0x00400014 (line# 0x00400008)
 mem load: 4194328 00100001001010010000000000000001
I 0x00400018 (line# 0x00400018)
 mem load: 4194332 10101101000010010000000000000000
I 0x0040001c (line# 0x0040001c)
 mem store: 4194312 00100000000000100000000000000101
W 0x0040001c (line# 0x00400008)
 mem load: 4194336 00000011111000000000000000001000
I 0x00400020 (line# 0x00400020)
 mem load: 4194340 00000000000000000000000000000000
I 0x00400020 (line# 0x00400024)
 mem load: 4194352 00000000000000100010000000100001
I 0x00400030 (line# 0x00400030)
 mem load: 4194356 00100100000000100000000000000001
I 0x00400034 (line# 0x00400034)
 mem load: 4194360 00000000000000000000000000001100
I 0x00400038 (line# 0x00400038)
 mem load: 4194364 00101000100010000000000000001001
I 0x0040003c (line# 0x0040003c)
 mem load: 4194368 00010001000000000000000000000011
I 0x00400040 (line# 0x00400040)
 mem load: 4194372 00000000000000000000000000000000
I 0x00400044 (line# 0x00400044)
 mem load: 4194376 00001000000100000000000000001010
I 0x00400048 (line# 0x00400048)
 mem load: 4194380 00000000000000000000000000000000
I 0x00400048 (line# 0x0040004c)
 mem load: 4194344 00001100000100000000000000000010
I 0x00400028 (line# 0x00400028)
 mem load: 4194348 00000000000000000000000000000000
I 0x00400028 (line# 0x0040002c)
 mem load: 4194312 00100000000000100000000000000101
I 0x00400008 (line# 0x00400008)
 mem load: 4194316 00111100000000010000000001000000
I 0x0040000c (line# 0x0040000c)
 mem load: 4194320 00110100001010000000000000001000
I 0x00400010 (line# 0x00400010)
 mem load: 4194324 10001101000010010000000000000000
I 0x00400014 (line# 0x00400014)
 mem load: 4194312 00100000000000100000000000000101
R 0x00400014 (line# 0x00400008)
 mem load: 4194328 00100001001010010000000000000001
I 0x00400018 (line# 0x00400018)
 mem load: 4194332 10101101000010010000000000000000
I 0x0040001c (line# 0x0040001c)
 mem store: 4194312 00100000000000100000000000000110
W 0x0040001c (line# 0x00400008)
 mem load: 4194336 00000011111000000000000000001000
I 0x00400020 (line# 0x00400020)
 mem load: 4194340 00000000000000000000000000000000
I 0x00400020 (line# 0x00400024)
 mem load: 4194352 00000000000000100010000000100001
I 0x00400030 (line# 0x00400030)
 mem load: 4194356 00100100000000100000000000000001
I 0x00400034 (line# 0x00400034)
 mem load: 4194360 00000000000000000000000000001100
I 0x00400038 (line# 0x00400038)
 mem load: 4194364 00101000100010000000000000001001
I 0x0040003c (line# 0x0040003c)
 mem load: 4194368 00010001000000000000000000000011
I 0x00400040 (line# 0x00400040)
 mem load: 4194372 00000000000000000000000000000000
I 0x00400044 (line# 0x00400044)
 mem load: 4194376 00001000000100000000000000001010
I 0x00400048 (line# 0x00400048)
 mem load: 4194380 00000000000000000000000000000000
I 0x00400048 (line# 0x0040004c)
 mem load: 4194344 00001100000100000000000000000010
I 0x00400028 (line# 0x00400028)
 mem load: 4194348 00000000000000000000000000000000
I 0x00400028 (line# 0x0040002c)
 mem load: 4194312 00100000000000100000000000000110
I 0x00400008 (line# 0x00400008)
 mem load: 4194316 00111100000000010000000001000000
I 0x0040000c (line# 0x0040000c)
 mem load: 4194320 00110100001010000000000000001000
I 0x00400010 (line# 0x00400010)
 mem load: 4194324 10001101000010010000000000000000
I 0x00400014 (line# 0x00400014)
 mem load: 4194312 00100000000000100000000000000110
R 0x00400014 (line# 0x00400008)
 mem load: 4194328 00100001001010010000000000000001
I 0x00400018 (line# 0x00400018)
 mem load: 4194332 10101101000010010000000000000000
I 0x0040001c (line# 0x0040001c)
 mem store: 4194312 00100000000000100000000000000111
W 0x0040001c (line# 0x00400008)
 mem load: 4194336 00000011111000000000000000001000
I 0x00400020 (line# 0x00400020)
 mem load: 4194340 00000000000000000000000000000000
I 0x00400020 (line# 0x00400024)
 mem load: 4194352 00000000000000100010000000100001
I 0x00400030 (line# 0x00400030)
 mem load: 4194356 00100100000000100000000000000001
I 0x00400034 (line# 0x00400034)
 mem load: 4194360 00000000000000000000000000001100
I 0x00400038 (line# 0x00400038)
 mem load: 4194364 00101000100010000000000000001001
I 0x0040003c (line# 0x0040003c)
 mem load: 4194368 00010001000000000000000000000011
I 0x00400040 (line# 0x00400040)
 mem load: 4194372 00000000000000000000000000000000
I 0x00400044 (line# 0x00400044)
 mem load: 4194376 00001000000100000000000000001010
I 0x00400048 (line# 0x00400048)
 mem load: 4194380 00000000000000000000000000000000
I 0x00400048 (line# 0x0040004c)
 mem load: 4194344 00001100000100000000000000000010
I 0x00400028 (line# 0x00400028)
 mem load: 4194348 00000000000000000000000000000000
I 0x00400028 (line# 0x0040002c)
 mem load: 4194312 00100000000000100000000000000111
I 0x00400008 (line# 0x00400008)
 mem load: 4194316 00111100000000010000000001000000
I 0x0040000c (line# 0x0040000c)
 mem load: 4194320 00110100001010000000000000001000
I 0x00400010 (line# 0x00400010)
 mem load: 4194324 10001101000010010000000000000000
I 0x00400014 (line# 0x00400014)
 mem load: 4194312 00100000000000100000000000000111
R 0x00400014 (line# 0x00400008)
 mem load: 4194328 00100001001010010000000000000001
I 0x00400018 (line# 0x00400018)
 mem load: 4194332 10101101000010010000000000000000
I 0x0040001c (line# 0x0040001c)
 mem store: 4194312 00100000000000100000000000001000
W 0x0040001c (line# 0x00400008)
 mem load: 4194336 00000011111000000000000000001000
I 0x00400020 (line# 0x00400020)
 mem load: 4194340 00000000000000000000000000000000
I 0x00400020 (line# 0x00400024)
 mem load: 4194352 00000000000000100010000000100001
I 0x00400030 (line# 0x00400030)
 mem load: 4194356 00100100000000100000000000000001
I 0x00400034 (line# 0x00400034)
 mem load: 4194360 00000000000000000000000000001100
I 0x00400038 (line# 0x00400038)
 mem load: 4194364 00101000100010000000000000001001
I 0x0040003c (line# 0x0040003c)
 mem load: 4194368 00010001000000000000000000000011
I 0x00400040 (line# 0x00400040)
 mem load: 4194372 00000000000000000000000000000000
I 0x00400044 (line# 0x00400044)
 mem load: 4194376 00001000000100000000000000001010
I 0x00400048 (line# 0x00400048)
 mem load: 4194380 00000000000000000000000000000000
I 0x00400048 (line# 0x0040004c)
 mem load: 4194344 00001100000100000000000000000010
I 0x00400028 (line# 0x00400028)
 mem load: 4194348 00000000000000000000000000000000
I 0x00400028 (line# 0x0040002c)
 mem load: 4194312 00100000000000100000000000001000
I 0x00400008 (line# 0x00400008)
 mem load: 4194316 00111100000000010000000001000000
I 0x0040000c (line# 0x0040000c)
 mem load: 4194320 00110100001010000000000000001000
I 0x00400010 (line# 0x00400010)
 mem load: 4194324 10001101000010010000000000000000
I 0x00400014 (line# 0x00400014)
 mem load: 4194312 00100000000000100000000000001000
R 0x00400014 (line# 0x00400008)
 mem load: 4194328 00100001001010010000000000000001
I 0x00400018 (line# 0x00400018)
 mem load: 4194332 10101101000010010000000000000000
I 0x0040001c (line# 0x0040001c)
 mem store: 4194312 00100000000000100000000000001001
W 0x0040001c (line# 0x00400008)
 mem load: 4194336 00000011111000000000000000001000
I 0x00400020 (line# 0x00400020)
 mem load: 4194340 00000000000000000000000000000000
I 0x00400020 (line# 0x00400024)
 mem load: 4194352 00000000000000100010000000100001
I 0x00400030 (line# 0x00400030)
 mem load: 4194356 00100100000000100000000000000001
I 0x00400034 (line# 0x00400034)
 mem load: 4194360 00000000000000000000000000001100
I 0x00400038 (line# 0x00400038)
 mem load: 4194364 00101000100010000000000000001001
I 0x0040003c (line# 0x0040003c)
 mem load: 4194368 00010001000000000000000000000011
I 0x00400040 (line# 0x00400040)
 mem load: 4194372 00000000000000000000000000000000
I 0x00400044 (line# 0x00400044)
 mem load: 4194376 00001000000100000000000000001010
I 0x00400048 (line# 0x00400048)
 mem load: 4194380 00000000000000000000000000000000
I 0x00400048 (line# 0x0040004c)
 mem load: 4194344 00001100000100000000000000000010
I 0x00400028 (line# 0x00400028)
 mem load: 4194348 00000000000000000000000000000000
I 0x00400028 (line# 0x0040002c)
 mem load: 4194312 00100000000000100000000000001001
I 0x00400008 (line# 0x00400008)
 mem load: 4194316 00111100000000010000000001000000
I 0x0040000c (line# 0x0040000c)
 mem load: 4194320 00110100001010000000000000001000
I 0x00400010 (line# 0x00400010)
 mem load: 4194324 10001101000010010000000000000000
I 0x00400014 (line# 0x00400014)
 mem load: 4194312 00100000000000100000000000001001
R 0x00400014 (line# 0x00400008)
 mem load: 4194328 00100001001010010000000000000001
I 0x00400018 (line# 0x00400018)
 mem load: 4194332 10101101000010010000000000000000
I 0x0040001c (line# 0x0040001c)
 mem store: 4194312 00100000000000100000000000001010
W 0x0040001c (line# 0x00400008)
 mem load: 4194336 00000011111000000000000000001000
I 0x00400020 (line# 0x00400020)
 mem load: 4194340 00000000000000000000000000000000
I 0x00400020 (line# 0x00400024)
 mem load: 4194352 00000000000000100010000000100001
I 0x00400030 (line# 0x00400030)
 mem load: 4194356 00100100000000100000000000000001
I 0x00400034 (line# 0x00400034)
 mem load: 4194360 00000000000000000000000000001100
I 0x00400038 (line# 0x00400038)
 mem load: 4194364 00101000100010000000000000001001
I 0x0040003c (line# 0x0040003c)
 mem load: 4194368 00010001000000000000000000000011
I 0x00400040 (line# 0x00400040)
 mem load: 4194372 00000000000000000000000000000000
I 0x00400040 (line# 0x00400044)
 mem load: 4194384 00100000000000100000000000001010
I 0x00400050 (line# 0x00400050)
 mem load: 4194388 00000000000000000000000000001100
I 0x00400054 (line# 0x00400054)
